0 0 4.652407169342041
0 1 4.636960506439209
0 2 4.606675624847412
0 3 4.633064270019531
0 4 4.555100440979004
0 5 4.598721981048584
0 6 4.5805230140686035
0 7 4.619077205657959
0 8 4.560616970062256
0 9 4.5309343338012695
0 10 4.458878040313721
0 11 4.454285621643066
0 12 4.537667274475098
0 13 4.513888359069824
0 14 4.48801326751709
0 15 4.299960136413574
1 0 4.33695125579834
1 1 4.344354152679443
1 2 4.322537422180176
1 3 4.391043663024902
1 4 4.304374694824219
1 5 4.215638160705566
1 6 4.255939960479736
1 7 4.322524547576904
1 8 4.247206211090088
1 9 4.419796943664551
1 10 4.243320465087891
1 11 4.292643070220947
1 12 4.0285115242004395
1 13 4.136867523193359
1 14 4.124134063720703
1 15 4.152115821838379
2 0 3.9831042289733887
2 1 4.063292026519775
2 2 4.090492248535156
2 3 3.9255356788635254
2 4 4.18525505065918
2 5 4.110507965087891
2 6 3.9302406311035156
2 7 3.994196891784668
2 8 4.045177459716797
2 9 3.8470051288604736
2 10 4.025211811065674
2 11 3.9075076580047607
2 12 3.8815526962280273
2 13 4.117877960205078
2 14 3.878722667694092
2 15 3.7739360332489014
3 0 3.7650976181030273
3 1 3.5814716815948486
3 2 3.712193250656128
3 3 3.4926135540008545
3 4 3.7409071922302246
3 5 3.7985849380493164
3 6 3.6701714992523193
3 7 3.7109591960906982
3 8 3.734837770462036
3 9 3.6654343605041504
3 10 3.662766456604004
3 11 3.5473709106445312
3 12 3.8528149127960205
3 13 3.426470994949341
3 14 3.540756940841675
3 15 3.535999298095703
4 0 3.4717142581939697
4 1 3.302527904510498
4 2 3.4155282974243164
4 3 3.310703992843628
4 4 3.352200984954834
4 5 3.237137794494629
4 6 3.3004539012908936
4 7 3.1567344665527344
4 8 3.1341049671173096
4 9 3.362990379333496
4 10 3.3644633293151855
4 11 3.113095760345459
4 12 3.2274670600891113
4 13 3.131849765777588
4 14 3.159097671508789
4 15 3.2438507080078125
5 0 2.7171061038970947
5 1 2.847228765487671
5 2 2.747654914855957
5 3 2.9523816108703613
5 4 2.931438684463501
5 5 2.958275079727173
5 6 3.068866014480591
5 7 2.7380526065826416
5 8 2.876814365386963
5 9 2.8780219554901123
5 10 2.751188278198242
5 11 2.8634135723114014
5 12 2.783613920211792
5 13 2.7443437576293945
5 14 2.728663444519043
5 15 2.8157591819763184
6 0 2.492605447769165
6 1 2.474929094314575
6 2 2.5052316188812256
6 3 2.4515345096588135
6 4 2.347907781600952
6 5 2.5815517902374268
6 6 2.1944479942321777
6 7 2.6788926124572754
6 8 2.3447890281677246
6 9 2.4302656650543213
6 10 2.427079916000366
6 11 2.5119171142578125
6 12 2.252831220626831
6 13 2.379456043243408
6 14 2.4291982650756836
6 15 2.29026460647583
7 0 2.062265396118164
7 1 2.128812789916992
7 2 2.238337278366089
7 3 1.9522079229354858
7 4 2.116595506668091
7 5 2.0869972705841064
7 6 2.1074864864349365
7 7 2.105288505554199
7 8 1.9877594709396362
7 9 1.9557996988296509
7 10 2.068065643310547
7 11 2.0420007705688477
7 12 1.9989867210388184
7 13 1.909159779548645
7 14 2.0903983116149902
7 15 2.050035238265991
8 0 1.811103343963623
8 1 1.7746672630310059
8 2 1.575931429862976
8 3 1.659436821937561
8 4 1.8121298551559448
8 5 1.7476907968521118
8 6 1.7624801397323608
8 7 1.7042495012283325
8 8 1.815863013267517
8 9 1.7177760601043701
8 10 1.933777928352356
8 11 1.582587718963623
8 12 1.6005654335021973
8 13 1.6628220081329346
8 14 1.644667387008667
8 15 1.5935540199279785
9 0 1.5633946657180786
9 1 1.3309799432754517
9 2 1.5494229793548584
9 3 1.3153331279754639
9 4 1.5008691549301147
9 5 1.422218918800354
9 6 1.274337649345398
9 7 1.4192628860473633
9 8 1.4950333833694458
9 9 1.3695299625396729
9 10 1.5967352390289307
9 11 1.4762063026428223
9 12 1.4091675281524658
9 13 1.4526855945587158
9 14 1.1870390176773071
9 15 1.3947910070419312
10 0 1.2652076482772827 0.078125 1.2652076482772827 0.078125
10 1 1.0479897260665894 0.015625 1.0463676452636719 0.015625
10 2 1.3313379287719727 0.046875 1.327380895614624 0.046875
10 3 1.1201680898666382 0.09375 1.1145429611206055 0.09375
10 4 1.21759033203125 0.109375 1.209618330001831 0.109375
10 5 1.1096915006637573 0.109375 1.0999302864074707 0.109375
10 6 1.242205023765564 0.109375 1.22952139377594 0.109375
10 7 1.0289474725723267 0.0625 1.0156078338623047 0.0625
10 8 1.2560756206512451 0.140625 1.2389588356018066 0.140625
10 9 1.2396330833435059 0.0625 1.2200510501861572 0.046875
10 10 1.1346224546432495 0.125 1.1137064695358276 0.125
10 11 1.2632495164871216 0.109375 1.2396172285079956 0.109375
10 12 1.0747802257537842 0.046875 1.0504310131072998 0.03125
10 13 1.2491718530654907 0.109375 1.2200554609298706 0.109375
10 14 1.1180471181869507 0.09375 1.0886285305023193 0.09375
10 15 1.323134183883667 0.125 1.288730263710022 0.10000000149011612
11 0 0.9423441886901855 0.03125 0.9075915217399597 0.03125
11 1 1.0950158834457397 0.0625 1.0562201738357544 0.0625
11 2 1.0639320611953735 0.046875 1.0230422019958496 0.046875
11 3 1.0057036876678467 0.078125 0.9638466835021973 0.046875
11 4 1.1481239795684814 0.03125 1.1010339260101318 0.03125
11 5 1.073038101196289 0.015625 1.0240904092788696 0.015625
11 6 1.1682989597320557 0.015625 1.1140918731689453 0.015625
11 7 0.9482293128967285 0.03125 0.8992704749107361 0.03125
11 8 0.9178386330604553 0.03125 0.8683633208274841 0.03125
11 9 1.0509250164031982 0.0625 0.9935965538024902 0.0625
11 10 1.014904260635376 0.046875 0.9582275748252869 0.03125
11 11 0.9307786822319031 0.03125 0.8745134472846985 0.03125
11 12 0.9409650564193726 0.09375 0.8825448751449585 0.046875
11 13 1.0321667194366455 0.078125 0.9679023623466492 0.046875
11 14 0.9261341094970703 0.0625 0.862603485584259 0.046875
11 15 1.032198190689087 0.125 0.9609805941581726 0.07500000298023224
12 0 0.8401495218276978 0.0625 0.7740060091018677 0.0625
12 1 0.9084762334823608 0.046875 0.8365650177001953 0.03125
12 2 0.9022471904754639 0.03125 0.8269329071044922 0.015625
12 3 0.8661046624183655 0.0 0.7897483706474304 0.0
12 4 0.8835732936859131 0.0625 0.8080137372016907 0.046875
12 5 0.8739075064659119 0.015625 0.792809247970581 0.015625
12 6 0.8866291046142578 0.046875 0.8048471808433533 0.03125
12 7 0.8770529627799988 0.015625 0.7920366525650024 0.015625
12 8 0.8395636677742004 0.03125 0.7551857233047485 0.015625
12 9 0.8590186834335327 0.015625 0.7715839147567749 0.015625
12 10 0.9979331493377686 0.046875 0.899195671081543 0.046875
12 11 0.7621254324913025 0.015625 0.6761013269424438 0.0
12 12 0.9563849568367004 0.03125 0.8557926416397095 0.03125
12 13 0.8564777374267578 0.046875 0.7607377767562866 0.03125
12 14 0.8822709918022156 0.03125 0.7825800776481628 0.015625
12 15 0.7369920015335083 0.02500000037252903 0.644415557384491 0.02500000037252903
13 0 0.664390504360199 0.0 0.5727865695953369 0.0
13 1 0.7304701805114746 0.03125 0.6342777609825134 0.0
13 2 0.752012312412262 0.03125 0.6513344049453735 0.015625
13 3 0.8015938401222229 0.0 0.691809892654419 0.0
13 4 0.69783616065979 0.03125 0.5962355732917786 0.03125
13 5 0.7797864675521851 0.046875 0.6683804392814636 0.015625
13 6 0.8127740621566772 0.015625 0.6959155797958374 0.015625
13 7 0.7697109580039978 0.078125 0.6597636342048645 0.03125
13 8 0.7616358995437622 0.0 0.6460965871810913 0.0
13 9 0.7131808400154114 0.015625 0.6018166542053223 0.0
13 10 1.0146404504776 0.09375 0.8760602474212646 0.03125
13 11 0.7923048138618469 0.03125 0.666085422039032 0.03125
13 12 0.7226543426513672 0.03125 0.6039892435073853 0.03125
13 13 0.8065685629844666 0.0625 0.6761362552642822 0.03125
13 14 0.698093056678772 0.03125 0.5739256739616394 0.0
13 15 0.7836350202560425 0.02500000037252903 0.6493240594863892 0.02500000037252903
14 0 0.5967941880226135 0.0 0.48120933771133423 0.0
14 1 0.6380075812339783 0.0 0.5150003433227539 0.0
14 2 0.7050729990005493 0.015625 0.5732715129852295 0.015625
14 3 0.6689988970756531 0.015625 0.5391400456428528 0.015625
14 4 0.6984460949897766 0.015625 0.5616722702980042 0.015625
14 5 0.7209122180938721 0.015625 0.5792056918144226 0.0
14 6 0.5358732342720032 0.015625 0.42108967900276184 0.015625
14 7 0.6476078629493713 0.0 0.5156998038291931 0.0
14 8 0.6943767666816711 0.015625 0.5524164438247681 0.0
14 9 0.7084484696388245 0.015625 0.5643668174743652 0.0
14 10 0.7071099877357483 0.046875 0.565581738948822 0.015625
14 11 0.6837876439094543 0.015625 0.5371690988540649 0.0
14 12 0.6442195177078247 0.0 0.4984135627746582 0.0
14 13 0.6521126627922058 0.0 0.5037596225738525 0.0
14 14 0.6430375576019287 0.015625 0.49737128615379333 0.0
14 15 0.5928281545639038 0.0 0.45511165261268616 0.0
15 0 0.6166157722473145 0.0 0.4647381603717804 0.0
15 1 0.6607494354248047 0.0 0.504201352596283 0.0
15 2 0.6342898607254028 0.0 0.4820610284805298 0.0
15 3 0.5077955722808838 0.0 0.3764292001724243 0.0
15 4 0.5939185619354248 0.015625 0.4429331123828888 0.0
15 5 0.6086893081665039 0.015625 0.45201975107192993 0.0
15 6 0.537769079208374 0.015625 0.392114520072937 0.0
15 7 0.5720527172088623 0.0 0.4176954925060272 0.0
15 8 0.5082312822341919 0.015625 0.3698304295539856 0.015625
15 9 0.5861351490020752 0.0 0.42524319887161255 0.0
15 10 0.6018275618553162 0.015625 0.44084709882736206 0.0
15 11 0.5906346440315247 0.0 0.4297029674053192 0.0
15 12 0.5548153519630432 0.015625 0.4014504551887512 0.0
15 13 0.5430017709732056 0.015625 0.3915799856185913 0.0
15 14 0.6864185929298401 0.015625 0.5009361505508423 0.0
15 15 0.6290257573127747 0.02500000037252903 0.4593849778175354 0.0
16 0 0.5796914100646973 0.0 0.40957194566726685 0.0
16 1 0.4982576072216034 0.0 0.3457929790019989 0.0
16 2 0.5765548348426819 0.015625 0.4065815210342407 0.0
16 3 0.5320479869842529 0.0 0.3678247630596161 0.0
16 4 0.5014303922653198 0.0 0.3415745496749878 0.0
16 5 0.5971342325210571 0.03125 0.41719159483909607 0.0
16 6 0.5293299555778503 0.015625 0.3622140884399414 0.0
16 7 0.4750789403915405 0.0 0.3200903832912445 0.0
16 8 0.5761604905128479 0.015625 0.39315035939216614 0.0
16 9 0.5698473453521729 0.015625 0.38339146971702576 0.015625
16 10 0.4900331497192383 0.0 0.3241136372089386 0.0
16 11 0.526742696762085 0.0 0.3513045907020569 0.0
16 12 0.5348877906799316 0.0 0.3591141402721405 0.0
16 13 0.466566264629364 0.0 0.3042411208152771 0.0
16 14 0.5459161400794983 0.0 0.35901588201522827 0.0
16 15 0.4669232964515686 0.0 0.3010881245136261 0.0
17 0 0.4912443161010742 0.0 0.3126973509788513 0.0
17 1 0.45098361372947693 0.0 0.2865906059741974 0.0
17 2 0.4308755695819855 0.0 0.26954010128974915 0.0
17 3 0.5201623439788818 0.015625 0.33362624049186707 0.0
17 4 0.44738006591796875 0.0 0.27966368198394775 0.0
17 5 0.4626998007297516 0.0 0.28889450430870056 0.0
17 6 0.4895226061344147 0.015625 0.3079879581928253 0.0
17 7 0.5127798914909363 0.0 0.32389307022094727 0.0
17 8 0.5199252963066101 0.015625 0.32300299406051636 0.0
17 9 0.4575366973876953 0.015625 0.2828865647315979 0.0
17 10 0.44771870970726013 0.015625 0.27314409613609314 0.0
17 11 0.42215245962142944 0.0 0.25355246663093567 0.0
17 12 0.4865466058254242 0.0 0.29954078793525696 0.0
17 13 0.5374668836593628 0.0 0.3319408595561981 0.0
17 14 0.4901755154132843 0.0 0.2978493273258209 0.0
17 15 0.5273504853248596 0.02500000037252903 0.31888988614082336 0.0
18 0 0.4646562337875366 0.0 0.275162011384964 0.0
18 1 0.4021476209163666 0.0 0.23401328921318054 0.0
18 2 0.42598068714141846 0.0 0.24728475511074066 0.0
18 3 0.3818894326686859 0.0 0.2140761762857437 0.0
18 4 0.44872093200683594 0.0 0.25936010479927063 0.0
18 5 0.47263434529304504 0.0 0.2709679901599884 0.0
18 6 0.3923684358596802 0.0 0.2216375768184662 0.0
18 7 0.4218869209289551 0.015625 0.23958076536655426 0.0
18 8 0.4056234657764435 0.0 0.2271561473608017 0.0
18 9 0.4317713975906372 0.0 0.24465790390968323 0.0
18 10 0.38839781284332275 0.015625 0.2165106236934662 0.0
18 11 0.4648829400539398 0.0 0.264444500207901 0.0
18 12 0.4631688892841339 0.0 0.2635709047317505 0.0
18 13 0.4604983925819397 0.0 0.2606417238712311 0.0
18 14 0.43807294964790344 0.0 0.2416299730539322 0.0
18 15 0.4159458577632904 0.0 0.233293816447258 0.0
19 0 0.37339264154434204 0.0 0.1973365843296051 0.0
19 1 0.40109947323799133 0.0 0.2120741307735443 0.0
19 2 0.35737189650535583 0.0 0.18763358891010284 0.0
19 3 0.38205114006996155 0.0 0.20027422904968262 0.0
19 4 0.4344803988933563 0.0 0.22993674874305725 0.0
19 5 0.3981371223926544 0.0 0.20843197405338287 0.0
19 6 0.3719567060470581 0.0 0.18873652815818787 0.0
19 7 0.3493940830230713 0.0 0.17713522911071777 0.0
19 8 0.3618011474609375 0.0 0.18331478536128998 0.0
19 9 0.4088535010814667 0.0 0.20888136327266693 0.0
19 10 0.427016943693161 0.0 0.22313490509986877 0.0
19 11 0.3994479477405548 0.0 0.20192177593708038 0.0
19 12 0.41088706254959106 0.0 0.21006546914577484 0.0
19 13 0.43257132172584534 0.0 0.22336764633655548 0.0
19 14 0.41881197690963745 0.0 0.21291211247444153 0.0
19 15 0.36747807264328003 0.0 0.18309137225151062 0.0
20 0 0.3306354284286499 0.0 0.1729067713022232 0.0
20 1 0.3024933934211731 0.0 0.15377560257911682 0.0
20 2 0.30653172731399536 0.0 0.15466852486133575 0.0
20 3 0.31996259093284607 0.015625 0.1658952534198761 0.0
20 4 0.288840115070343 0.0 0.14433757960796356 0.0
20 5 0.3001900911331177 0.0 0.1510053426027298 0.0
20 6 0.3240010142326355 0.0 0.16498178243637085 0.0
20 7 0.33757326006889343 0.0 0.16965875029563904 0.0
20 8 0.346178263425827 0.0 0.17439070343971252 0.0
20 9 0.36573418974876404 0.015625 0.18396632373332977 0.0
20 10 0.4007430970668793 0.03125 0.2074698656797409 0.0
20 11 0.38770791888237 0.0 0.19557711482048035 0.0
20 12 0.3374704420566559 0.0 0.16836971044540405 0.0
20 13 0.3636023700237274 0.0 0.17908832430839539 0.0
20 14 0.35520169138908386 0.0 0.17587384581565857 0.0
20 15 0.32957693934440613 0.0 0.1606721729040146 0.0
21 0 0.29803478717803955 0.0 0.1507623940706253 0.0
21 1 0.285890132188797 0.0 0.1404746174812317 0.0
21 2 0.27346763014793396 0.0 0.13488206267356873 0.0
21 3 0.25610116124153137 0.015625 0.12598881125450134 0.0
21 4 0.316830039024353 0.0 0.15827609598636627 0.0
21 5 0.3239668905735016 0.0 0.1600053906440735 0.0
21 6 0.2724417746067047 0.0 0.131638303399086 0.0
21 7 0.2713296413421631 0.0 0.1292988806962967 0.0
21 8 0.3009432256221771 0.0 0.1458609402179718 0.0
21 9 0.3045792877674103 0.0 0.14781032502651215 0.0
21 10 0.2596580386161804 0.0 0.1225263774394989 0.0
21 11 0.31317034363746643 0.0 0.15099193155765533 0.0
21 12 0.2712893784046173 0.0 0.1280646175146103 0.0
21 13 0.29343855381011963 0.0 0.140766903758049 0.0
21 14 0.2837732434272766 0.0 0.13258777558803558 0.0
21 15 0.2719298303127289 0.0 0.12818244099617004 0.0
22 0 0.24125924706459045 0.0 0.11863016337156296 0.0
22 1 0.23227837681770325 0.0 0.11280512064695358 0.0
22 2 0.24859510362148285 0.0 0.12099011987447739 0.0
22 3 0.2552092671394348 0.0 0.12417569756507874 0.0
22 4 0.21766147017478943 0.0 0.10330484807491302 0.0
22 5 0.24813121557235718 0.0 0.12089116871356964 0.0
22 6 0.24227355420589447 0.0 0.11431914567947388 0.0
22 7 0.24936911463737488 0.0 0.11882609874010086 0.0
22 8 0.27503395080566406 0.0 0.13223795592784882 0.0
22 9 0.2362084835767746 0.0 0.11176735162734985 0.0
22 10 0.23841649293899536 0.0 0.1130637675523758 0.0
22 11 0.2618797719478607 0.015625 0.12492892146110535 0.0
22 12 0.2647247612476349 0.0 0.12335098534822464 0.0
22 13 0.23178914189338684 0.0 0.1056888997554779 0.0
22 14 0.24508032202720642 0.0 0.11231312155723572 0.0
22 15 0.2701999545097351 0.0 0.12707145512104034 0.0
23 0 0.20436422526836395 0.0 0.09754310548305511 0.0
23 1 0.21970680356025696 0.0 0.10421208292245865 0.0
23 2 0.21177908778190613 0.0 0.09936556220054626 0.0
23 3 0.20178194344043732 0.0 0.09407642483711243 0.0
23 4 0.20597991347312927 0.0 0.09495793282985687 0.0
23 5 0.22427892684936523 0.0 0.1040087416768074 0.0
23 6 0.2277994155883789 0.0 0.10610268265008926 0.0
23 7 0.20482464134693146 0.0 0.09425017982721329 0.0
23 8 0.21565881371498108 0.0 0.0982188954949379 0.0
23 9 0.221047505736351 0.0 0.10062408447265625 0.0
23 10 0.2467353641986847 0.0 0.11387521028518677 0.0
23 11 0.20463190972805023 0.0 0.09178826212882996 0.0
23 12 0.21001431345939636 0.0 0.09412775933742523 0.0
23 13 0.227837935090065 0.0 0.10271617025136948 0.0
23 14 0.2541557848453522 0.0 0.11546658724546432 0.0
23 15 0.21233901381492615 0.0 0.09367676079273224 0.0
24 0 0.18114402890205383 0.0 0.08466726541519165 0.0
24 1 0.17872501909732819 0.0 0.08325708657503128 0.0
24 2 0.17423377931118011 0.0 0.08024509251117706 0.0
24 3 0.20113088190555573 0.0 0.09217808395624161 0.0
24 4 0.17745916545391083 0.0 0.08179812878370285 0.0
24 5 0.19437956809997559 0.0 0.08820236474275589 0.0
24 6 0.1648157835006714 0.0 0.07350409030914307 0.0
24 7 0.17657636106014252 0.0 0.07928318530321121 0.0
24 8 0.20198176801204681 0.0 0.09210170805454254 0.0
24 9 0.2087375670671463 0.0 0.09346874058246613 0.0
24 10 0.18452975153923035 0.0 0.08243248611688614 0.0
24 11 0.172115758061409 0.0 0.07555221021175385 0.0
24 12 0.19264911115169525 0.0 0.08359849452972412 0.0
24 13 0.21082612872123718 0.0 0.09325458109378815 0.0
24 14 0.17403806746006012 0.0 0.07603920251131058 0.0
24 15 0.19266751408576965 0.0 0.08345353603363037 0.0
25 0 0.15908470749855042 0.0 0.07288897037506104 0.0
25 1 0.1879202276468277 0.0 0.08733580261468887 0.0
25 2 0.14121755957603455 0.0 0.06379718333482742 0.0
25 3 0.1619504988193512 0.0 0.07341165095567703 0.0
25 4 0.13814353942871094 0.0 0.06171709671616554 0.0
25 5 0.176460862159729 0.0 0.07990585267543793 0.0
25 6 0.16885457932949066 0.0 0.07491396367549896 0.0
25 7 0.16034775972366333 0.0 0.0711556226015091 0.0
25 8 0.17144769430160522 0.0 0.07509507238864899 0.0
25 9 0.16626445949077606 0.0 0.07422960549592972 0.0
25 10 0.16885189712047577 0.0 0.07499514520168304 0.0
25 11 0.15943828225135803 0.0 0.0685972198843956 0.0
25 12 0.17730747163295746 0.0 0.07775519788265228 0.0
25 13 0.16720688343048096 0.0 0.07224543392658234 0.0
25 14 0.18185897171497345 0.0 0.07910659164190292 0.0
25 15 0.16932526230812073 0.0 0.07395782321691513 0.0
26 0 0.12848064303398132 0.0 0.05697714537382126 0.0
26 1 0.12305343896150589 0.0 0.05468189716339111 0.0
26 2 0.15075093507766724 0.0 0.06753729283809662 0.0
26 3 0.13223960995674133 0.0 0.05884215235710144 0.0
26 4 0.1567094922065735 0.0 0.06972569972276688 0.0
26 5 0.1426890641450882 0.0 0.06353868544101715 0.0
26 6 0.1522342711687088 0.0 0.0672159269452095 0.0
26 7 0.1580207347869873 0.0 0.06853031367063522 0.0
26 8 0.14400848746299744 0.0 0.06335077434778214 0.0
26 9 0.14570248126983643 0.0 0.06275816261768341 0.0
26 10 0.14049921929836273 0.0 0.06013162434101105 0.0
26 11 0.15499940514564514 0.0 0.06643605977296829 0.0
26 12 0.13959185779094696 0.0 0.059251125901937485 0.0
26 13 0.14764392375946045 0.0 0.06216813251376152 0.0
26 14 0.14541208744049072 0.0 0.06161035597324371 0.0
26 15 0.14020362496376038 0.0 0.05811754986643791 0.0
27 0 0.115683913230896 0.0 0.05102841556072235 0.0
27 1 0.1217523068189621 0.0 0.05386806279420853 0.0
27 2 0.12210169434547424 0.0 0.05373945087194443 0.0
27 3 0.1262258142232895 0.0 0.05497021973133087 0.0
27 4 0.14957250654697418 0.0 0.06576510518789291 0.0
27 5 0.13327667117118835 0.0 0.05790308490395546 0.0
27 6 0.11926030367612839 0.0 0.05083542689681053 0.0
27 7 0.13666322827339172 0.0 0.058000802993774414 0.0
27 8 0.12584006786346436 0.0 0.05303488299250603 0.0
27 9 0.12113047391176224 0.0 0.05068694427609444 0.0
27 10 0.13160096108913422 0.0 0.05526478961110115 0.0
27 11 0.13810287415981293 0.0 0.05693261697888374 0.0
27 12 0.14010493457317352 0.0 0.058553121984004974 0.0
27 13 0.15293718874454498 0.0 0.06348263472318649 0.0
27 14 0.14087916910648346 0.0 0.05874369293451309 0.0
27 15 0.14607547223567963 0.0 0.06064649671316147 0.0
28 0 0.12100370228290558 0.0 0.05297263711690903 0.0
28 1 0.10081364214420319 0.0 0.04365239664912224 0.0
28 2 0.09945254027843475 0.0 0.042413294315338135 0.0
28 3 0.11106353998184204 0.0 0.047380123287439346 0.0
28 4 0.11542737483978271 0.0 0.04913458228111267 0.0
28 5 0.12274131178855896 0.0 0.05210443586111069 0.0
28 6 0.1262933313846588 0.0 0.05273805931210518 0.0
28 7 0.11462993174791336 0.0 0.048195336014032364 0.0
28 8 0.11032033711671829 0.0 0.046088334172964096 0.0
28 9 0.11795134097337723 0.0 0.04916038736701012 0.0
28 10 0.1331886351108551 0.0 0.0559055432677269 0.0
28 11 0.12028639763593674 0.0 0.04933468997478485 0.0
28 12 0.1190975159406662 0.0 0.0483531691133976 0.0
28 13 0.12457232177257538 0.0 0.05082295835018158 0.0
28 14 0.1176472157239914 0.0 0.04740263521671295 0.0
28 15 0.12120218575000763 0.0 0.04929322004318237 0.0
29 0 0.0938253179192543 0.0 0.040521636605262756 0.0
29 1 0.09698671102523804 0.0 0.04136447235941887 0.0
29 2 0.10096734762191772 0.0 0.04280991479754448 0.0
29 3 0.11020148545503616 0.0 0.04643955081701279 0.0
29 4 0.09603938460350037 0.0 0.040163587778806686 0.0
29 5 0.10400497913360596 0.0 0.043772872537374496 0.0
29 6 0.10512949526309967 0.0 0.04341196268796921 0.0
29 7 0.11335360258817673 0.0 0.04710937291383743 0.0
29 8 0.10566429048776627 0.0 0.04320817068219185 0.0
29 9 0.11957255005836487 0.0 0.04922696202993393 0.0
29 10 0.11003576964139938 0.0 0.04469941183924675 0.0
29 11 0.09501365572214127 0.0 0.038472872227430344 0.0
29 12 0.11029327660799026 0.0 0.044239066541194916 0.0
29 13 0.11116819083690643 0.0 0.04422691464424133 0.0
29 14 0.1147824227809906 0.0 0.0458984449505806 0.0
29 15 0.09956416487693787 0.0 0.03903414309024811 0.0
30 0 0.09814178198575974 0.0 0.04162219539284706 0.0
30 1 0.09090401977300644 0.0 0.03884339705109596 0.0
30 2 0.09513850510120392 0.0 0.04035862907767296 0.0
30 3 0.09764119982719421 0.0 0.04078636318445206 0.0
30 4 0.10269689559936523 0.0 0.04375861585140228 0.0
30 5 0.09567403793334961 0.0 0.03979117423295975 0.0
30 6 0.09750286489725113 0.0 0.04040231183171272 0.0
30 7 0.10104319453239441 0.0 0.041644271463155746 0.0
30 8 0.10295017063617706 0.0 0.04267982766032219 0.0
30 9 0.08884339034557343 0.0 0.036352239549160004 0.0
30 10 0.10111572593450546 0.0 0.04168139025568962 0.0
30 11 0.09877683222293854 0.0 0.040071919560432434 0.0
30 12 0.09170296788215637 0.0 0.036857400089502335 0.0
30 13 0.10748963057994843 0.0 0.04312219098210335 0.0
30 14 0.09944602102041245 0.0 0.039916764944791794 0.0
30 15 0.10389994084835052 0.0 0.04154626280069351 0.0
31 0 0.09729261696338654 0.0 0.04196244850754738 0.0
31 1 0.08568832278251648 0.0 0.03611323609948158 0.0
31 2 0.09245789796113968 0.0 0.038891300559043884 0.0
31 3 0.0881299301981926 0.0 0.036759886890649796 0.0
31 4 0.0916006788611412 0.0 0.03791729733347893 0.0
31 5 0.08020788431167603 0.0 0.03303507715463638 0.0
31 6 0.09572213888168335 0.0 0.03898591920733452 0.0
31 7 0.08534830808639526 0.0 0.034847553819417953 0.0
31 8 0.09947440028190613 0.0 0.040830448269844055 0.0
31 9 0.10918984562158585 0.0 0.04406970366835594 0.0
31 10 0.098140187561512 0.0 0.03921123966574669 0.0
31 11 0.0952572226524353 0.0 0.03857319802045822 0.0
31 12 0.09490694850683212 0.0 0.03726712614297867 0.0
31 13 0.09801201522350311 0.0 0.03866095840930939 0.0
31 14 0.09764979779720306 0.0 0.03835758939385414 0.0
31 15 0.10322604328393936 0.0 0.04041502624750137 0.0
32 0 0.08578160405158997 0.0 0.03627200052142143 0.0
32 1 0.08414684236049652 0.0 0.03552321344614029 0.0
32 2 0.0844191238284111 0.0 0.03514125943183899 0.0
32 3 0.08739107847213745 0.0 0.03606104850769043 0.0
32 4 0.09324989467859268 0.0 0.038228899240493774 0.0
32 5 0.09268610179424286 0.0 0.03803354874253273 0.0
32 6 0.09105946123600006 0.0 0.03733401373028755 0.0
32 7 0.0903078094124794 0.0 0.036972783505916595 0.0
32 8 0.08799728751182556 0.0 0.035671040415763855 0.0
32 9 0.10008134692907333 0.0 0.04029647633433342 0.0
32 10 0.09859254211187363 0.0 0.03962801769375801 0.0
32 11 0.09245875477790833 0.0 0.03646249696612358 0.0
32 12 0.08938437700271606 0.0 0.03559340909123421 0.0
32 13 0.08922605961561203 0.0 0.03467201068997383 0.0
32 14 0.09199368953704834 0.0 0.03591328486800194 0.0
32 15 0.0945829451084137 0.0 0.03702717646956444 0.0
33 0 0.08229497820138931 0.0 0.034587569534778595 0.0
33 1 0.08347952365875244 0.0 0.034687213599681854 0.0
33 2 0.08528129011392593 0.0 0.035472024232149124 0.0
33 3 0.08503028005361557 0.0 0.035309892147779465 0.0
33 4 0.0812404677271843 0.0 0.03321823477745056 0.0
33 5 0.08032208681106567 0.0 0.03271236643195152 0.0
33 6 0.08671130239963531 0.0 0.035453423857688904 0.0
33 7 0.09322524070739746 0.0 0.037871021777391434 0.0
33 8 0.08571640402078629 0.0 0.03443430736660957 0.0
33 9 0.08524088561534882 0.0 0.03393065184354782 0.0
33 10 0.0781981348991394 0.0 0.030768539756536484 0.0
33 11 0.09227655827999115 0.0 0.036564070731401443 0.0
33 12 0.09351622313261032 0.0 0.03714492544531822 0.0
33 13 0.08895377814769745 0.0 0.03481779620051384 0.0
33 14 0.08872438222169876 0.0 0.03453264757990837 0.0
33 15 0.09104084968566895 0.0 0.03572726249694824 0.0
34 0 0.08067367225885391 0.0 0.03364267200231552 0.0
34 1 0.07672218233346939 0.0 0.03188541904091835 0.0
34 2 0.07700520753860474 0.0 0.031593333929777145 0.0
34 3 0.08065235614776611 0.0 0.033463891595602036 0.0
34 4 0.07885617017745972 0.0 0.03208877891302109 0.0
34 5 0.08697835355997086 0.0 0.035423994064331055 0.0
34 6 0.08889982849359512 0.0 0.03602622076869011 0.0
34 7 0.0856931209564209 0.0 0.03497033938765526 0.0
34 8 0.08442973345518112 0.0 0.03370547294616699 0.0
34 9 0.0858030766248703 0.0 0.03392665833234787 0.0
34 10 0.07921164482831955 0.0 0.03100745566189289 0.0
34 11 0.07839450985193253 0.0 0.03110404685139656 0.0
34 12 0.08864247798919678 0.0 0.03478243574500084 0.0
34 13 0.0858350321650505 0.0 0.03360885754227638 0.0
34 14 0.07614468783140182 0.0 0.029247187077999115 0.0
34 15 0.0901348814368248 0.0 0.034789007157087326 0.0
35 0 0.07210962474346161 0.0 0.02990734577178955 0.0
35 1 0.07876622676849365 0.0 0.032269228249788284 0.0
35 2 0.0823412537574768 0.0 0.033825892955064774 0.0
35 3 0.07985910773277283 0.0 0.0326513946056366 0.0
35 4 0.07461971789598465 0.0 0.030165476724505424 0.0
35 5 0.0830080434679985 0.0 0.03357972204685211 0.0
35 6 0.07708516716957092 0.0 0.030655113980174065 0.0
35 7 0.07706581801176071 0.0 0.03081543557345867 0.0
35 8 0.07691451907157898 0.0 0.030512090772390366 0.0
35 9 0.08176806569099426 0.0 0.03265761584043503 0.0
35 10 0.0720180794596672 0.0 0.028139246627688408 0.0
35 11 0.07976921647787094 0.0 0.0313357375562191 0.0
35 12 0.08453837037086487 0.0 0.03239326551556587 0.0
35 13 0.08521591126918793 0.0 0.03275837376713753 0.0
35 14 0.08352334797382355 0.0 0.031936608254909515 0.0
35 15 0.08244471997022629 0.0 0.031815432012081146 0.0
36 0 0.08593524992465973 0.0 0.03555455058813095 0.0
36 1 0.0668913722038269 0.0 0.027277294546365738 0.0
36 2 0.06992295384407043 0.0 0.028361357748508453 0.0
36 3 0.07152504473924637 0.0 0.029155345633625984 0.0
36 4 0.07478827983140945 0.0 0.02983136475086212 0.0
36 5 0.07494524866342545 0.0 0.029677096754312515 0.0
36 6 0.07634256035089493 0.0 0.030849069356918335 0.0
36 7 0.07414466887712479 0.0 0.02918211556971073 0.0
36 8 0.07500725239515305 0.0 0.02960081771016121 0.0
36 9 0.07538913935422897 0.0 0.029601939022541046 0.0
36 10 0.08119542896747589 0.0 0.031642574816942215 0.0
36 11 0.07906024158000946 0.0 0.030848221853375435 0.0
36 12 0.07583718746900558 0.0 0.029329167678952217 0.0
36 13 0.07866937667131424 0.0 0.029975414276123047 0.0
36 14 0.08376765996217728 0.0 0.03202600032091141 0.0
36 15 0.0797993391752243 0.0 0.029958466067910194 0.0
37 0 0.06590523570775986 0.0 0.027219658717513084 0.0
37 1 0.07603979855775833 0.0 0.031182697042822838 0.0
37 2 0.06616698950529099 0.0 0.026850786060094833 0.0
37 3 0.06924707442522049 0.0 0.028170283883810043 0.0
37 4 0.07404430955648422 0.0 0.029847025871276855 0.0
37 5 0.0754479169845581 0.0 0.030026482418179512 0.0
37 6 0.06944990903139114 0.0 0.027382729575037956 0.0
37 7 0.07056468725204468 0.0 0.02766793966293335 0.0
37 8 0.07438541203737259 0.0 0.028900614008307457 0.0
37 9 0.07451913505792618 0.0 0.029573477804660797 0.0
37 10 0.07139895856380463 0.0 0.027807429432868958 0.0
37 11 0.07019446790218353 0.0 0.027154454961419106 0.0
37 12 0.0774196907877922 0.0 0.029960501939058304 0.0
37 13 0.07664529979228973 0.0 0.029574351385235786 0.0
37 14 0.08112503588199615 0.0 0.030986949801445007 0.0
37 15 0.07868113368749619 0.0 0.030510839074850082 0.0
38 0 0.07284624129533768 0.0 0.02984740026295185 0.0
38 1 0.0624617263674736 0.0 0.02521311491727829 0.0
38 2 0.06359253823757172 0.0 0.0257037915289402 0.0
38 3 0.06632303446531296 0.0 0.026591362431645393 0.0
38 4 0.06692713499069214 0.0 0.02666258066892624 0.0
38 5 0.07201258838176727 0.0 0.028677718713879585 0.0
38 6 0.06801289319992065 0.0 0.026995504274964333 0.0
38 7 0.06778611242771149 0.0 0.026820173487067223 0.0
38 8 0.06724961847066879 0.0 0.026061248034238815 0.0
38 9 0.07441119849681854 0.0 0.029076935723423958 0.0
38 10 0.07503974437713623 0.0 0.02905651181936264 0.0
38 11 0.07220575213432312 0.0 0.02780529111623764 0.0
38 12 0.07542599737644196 0.0 0.028620069846510887 0.0
38 13 0.06965292245149612 0.0 0.026591945439577103 0.0
38 14 0.0804963931441307 0.0 0.030216163024306297 0.0
38 15 0.07201437652111053 0.0 0.026921499520540237 0.0
39 0 0.061893533915281296 0.0 0.02540900930762291 0.0
39 1 0.05762187018990517 0.0 0.02305620163679123 0.0
39 2 0.06630025058984756 0.0 0.026811351999640465 0.0
39 3 0.06364347040653229 0.0 0.025141244754195213 0.0
39 4 0.06678882986307144 0.0 0.026289911940693855 0.0
39 5 0.0702551007270813 0.0 0.027789874002337456 0.0
39 6 0.07134675234556198 0.0 0.028059491887688637 0.0
39 7 0.0730418786406517 0.0 0.028646081686019897 0.0
39 8 0.06616342067718506 0.0 0.025773227214813232 0.0
39 9 0.06399323046207428 0.0 0.024472562596201897 0.0
39 10 0.07008695602416992 0.0 0.02676822803914547 0.0
39 11 0.06396541744470596 0.0 0.02446458861231804 0.0
39 12 0.07257886230945587 0.0 0.0279376283288002 0.0
39 13 0.07013316452503204 0.0 0.026464909315109253 0.0
39 14 0.06878941506147385 0.0 0.02608655020594597 0.0
39 15 0.07354270666837692 0.0 0.02710813656449318 0.0
40 0 0.06186136230826378 0.0 0.02513386309146881 0.0
40 1 0.06266903132200241 0.0 0.024902164936065674 0.0
40 2 0.0631466805934906 0.0 0.025087695568799973 0.0
40 3 0.05989282578229904 0.0 0.02372507005929947 0.0
40 4 0.06902319937944412 0.0 0.02780827321112156 0.0
40 5 0.06180921941995621 0.0 0.02440710738301277 0.0
40 6 0.06540732085704803 0.0 0.025731921195983887 0.0
40 7 0.06752469390630722 0.0 0.026752570644021034 0.0
40 8 0.06425920128822327 0.0 0.024690186604857445 0.0
40 9 0.06443613767623901 0.0 0.025084899738430977 0.0
40 10 0.06934221088886261 0.0 0.02668546326458454 0.0
40 11 0.06984119862318039 0.0 0.02670903503894806 0.0
40 12 0.06874048709869385 0.0 0.02585519291460514 0.0
40 13 0.0665750503540039 0.0 0.024957751855254173 0.0
40 14 0.07163509726524353 0.0 0.026853004470467567 0.0
40 15 0.06961597502231598 0.0 0.026093676686286926 0.0
41 0 0.062214381992816925 0.0 0.02518213540315628 0.0
41 1 0.06742490828037262 0.0 0.027256324887275696 0.0
41 2 0.061319030821323395 0.0 0.024620236828923225 0.0
41 3 0.05822307616472244 0.0 0.022916417568922043 0.0
41 4 0.06320219486951828 0.0 0.024771494790911674 0.0
41 5 0.06597846746444702 0.0 0.025928683578968048 0.0
41 6 0.06442232429981232 0.0 0.02532614767551422 0.0
41 7 0.06712652742862701 0.0 0.026325304061174393 0.0
41 8 0.061979155987501144 0.0 0.024163495749235153 0.0
41 9 0.06299848109483719 0.0 0.024354714900255203 0.0
41 10 0.06294707208871841 0.0 0.023929234594106674 0.0
41 11 0.06254515796899796 0.0 0.023862726986408234 0.0
41 12 0.06834191828966141 0.0 0.026187069714069366 0.0
41 13 0.06477601081132889 0.0 0.02427084371447563 0.0
41 14 0.06946076452732086 0.0 0.02600216679275036 0.0
41 15 0.07287701219320297 0.0 0.027282873168587685 0.0
42 0 0.0622054785490036 0.0 0.025153368711471558 0.0
42 1 0.0564558319747448 0.0 0.022523848339915276 0.0
42 2 0.06396134197711945 0.0 0.02520901896059513 0.0
42 3 0.055254071950912476 0.0 0.021775776520371437 0.0
42 4 0.06511536985635757 0.0 0.02552856132388115 0.0
42 5 0.07032820582389832 0.0 0.027899060398340225 0.0
42 6 0.05969563126564026 0.0 0.023494144901633263 0.0
42 7 0.0636577308177948 0.0 0.024706583470106125 0.0
42 8 0.06517363339662552 0.0 0.025344407185912132 0.0
42 9 0.0643024891614914 0.0 0.024742629379034042 0.0
42 10 0.0644565299153328 0.0 0.02464964985847473 0.0
42 11 0.06755487620830536 0.0 0.025889016687870026 0.0
42 12 0.06008356809616089 0.0 0.02274119295179844 0.0
42 13 0.06000201031565666 0.0 0.02266501821577549 0.0
42 14 0.06345228105783463 0.0 0.023541737347841263 0.0
42 15 0.07632000744342804 0.0 0.028376642614603043 0.0
43 0 0.06260911375284195 0.0 0.025466976687312126 0.0
43 1 0.05776144564151764 0.0 0.023095998913049698 0.0
43 2 0.06338347494602203 0.0 0.02510802447795868 0.0
43 3 0.06763537228107452 0.0 0.02713646925985813 0.0
43 4 0.06270282715559006 0.0 0.024795450270175934 0.0
43 5 0.06322964280843735 0.0 0.024952827021479607 0.0
43 6 0.06125835329294205 0.0 0.023680847138166428 0.0
43 7 0.05732599273324013 0.0 0.022374624386429787 0.0
43 8 0.06068186089396477 0.0 0.023254189640283585 0.0
43 9 0.05950646474957466 0.0 0.022884095087647438 0.0
43 10 0.06360042095184326 0.0 0.024144738912582397 0.0
43 11 0.06305284798145294 0.0 0.023842360824346542 0.0
43 12 0.06266285479068756 0.0 0.02340960130095482 0.0
43 13 0.06148271635174751 0.0 0.023051073774695396 0.0
43 14 0.06252066791057587 0.0 0.02305910736322403 0.0
43 15 0.06560839712619781 0.0 0.023770833387970924 0.0
44 0 0.05981851741671562 0.0 0.024121027439832687 0.0
44 1 0.06253821402788162 0.0 0.02482234686613083 0.0
44 2 0.06473033130168915 0.0 0.025846609845757484 0.0
44 3 0.05968329682946205 0.0 0.02349657006561756 0.0
44 4 0.056340910494327545 0.0 0.021946335211396217 0.0
44 5 0.05716557428240776 0.0 0.022312477231025696 0.0
44 6 0.059471599757671356 0.0 0.023114202544093132 0.0
44 7 0.059618063271045685 0.0 0.023191729560494423 0.0
44 8 0.0648360475897789 0.0 0.024920130148530006 0.0
44 9 0.06522982567548752 0.0 0.02500450424849987 0.0
44 10 0.060557153075933456 0.0 0.022864846512675285 0.0
44 11 0.05460401251912117 0.0 0.020635586231946945 0.0
44 12 0.06376583129167557 0.0 0.02389410510659218 0.0
44 13 0.06491447985172272 0.0 0.02460477687418461 0.0
44 14 0.05976138263940811 0.0 0.022049393504858017 0.0
44 15 0.06178085878491402 0.0 0.02281060442328453 0.0
45 0 0.05793653428554535 0.0 0.02317196875810623 0.0
45 1 0.05798030272126198 0.0 0.023137306794524193 0.0
45 2 0.06270551681518555 0.0 0.02482772059738636 0.0
45 3 0.06018608435988426 0.0 0.023841971531510353 0.0
45 4 0.058938294649124146 0.0 0.023002400994300842 0.0
45 5 0.054219722747802734 0.0 0.02087525837123394 0.0
45 6 0.05600690841674805 0.0 0.021631276234984398 0.0
45 7 0.060943953692913055 0.0 0.023384014144539833 0.0
45 8 0.05883045122027397 0.0 0.022930683568120003 0.0
45 9 0.06048060581088066 0.0 0.02293190360069275 0.0
45 10 0.0667479857802391 0.0 0.02555992640554905 0.0
45 11 0.05776128172874451 0.0 0.02187422662973404 0.0
45 12 0.06140093132853508 0.0 0.022908488288521767 0.0
45 13 0.06417199224233627 0.0 0.023628151044249535 0.0
45 14 0.05873090401291847 0.0 0.021816732361912727 0.0
45 15 0.05699598789215088 0.0 0.020874131470918655 0.0
46 0 0.05873455852270126 0.0 0.02367008477449417 0.0
46 1 0.06093868240714073 0.0 0.024237822741270065 0.0
46 2 0.055361680686473846 0.0 0.021930867806077003 0.0
46 3 0.05355953425168991 0.0 0.021035468205809593 0.0
46 4 0.06401771306991577 0.0 0.02495480328798294 0.0
46 5 0.05833565816283226 0.0 0.02255973406136036 0.0
46 6 0.05521788075566292 0.0 0.02116110920906067 0.0
46 7 0.055145081132650375 0.0 0.02126404643058777 0.0
46 8 0.05865851417183876 0.0 0.022610435262322426 0.0
46 9 0.0579247921705246 0.0 0.022032877430319786 0.0
46 10 0.058939266949892044 0.0 0.022138426080346107 0.0
46 11 0.059241119772195816 0.0 0.022182859480381012 0.0
46 12 0.058130014687776566 0.0 0.02178426831960678 0.0
46 13 0.0597844235599041 0.0 0.022222062572836876 0.0
46 14 0.06481191515922546 0.0 0.024114402011036873 0.0
46 15 0.058983214199543 0.0 0.02149476483464241 0.0
47 0 0.05422772094607353 0.0 0.021656081080436707 0.0
47 1 0.05573739483952522 0.0 0.021932221949100494 0.0
47 2 0.05566845461726189 0.0 0.022010356187820435 0.0
47 3 0.055045370012521744 0.0 0.021636180579662323 0.0
47 4 0.05887255072593689 0.0 0.022830011323094368 0.0
47 5 0.055331453680992126 0.0 0.02129034325480461 0.0
47 6 0.0554782897233963 0.0 0.021408675238490105 0.0
47 7 0.054265886545181274 0.0 0.02071140706539154 0.0
47 8 0.05895906686782837 0.0 0.022497497498989105 0.0
47 9 0.05816316604614258 0.0 0.022014444693922997 0.0
47 10 0.05914197489619255 0.0 0.022065773606300354 0.0
47 11 0.0586840845644474 0.0 0.02231426164507866 0.0
47 12 0.05665673688054085 0.0 0.021317802369594574 0.0
47 13 0.06753288209438324 0.0 0.025025874376296997 0.0
47 14 0.058477744460105896 0.0 0.0218033567070961 0.0
47 15 0.05892585590481758 0.0 0.0215285737067461 0.0
48 0 0.050526369363069534 0.0 0.01992327906191349 0.0
48 1 0.0542125403881073 0.0 0.021707873791456223 0.0
48 2 0.05764593556523323 0.0 0.022706538438796997 0.0
48 3 0.05400383472442627 0.0 0.02125878445804119 0.0
48 4 0.05248173698782921 0.0 0.020150601863861084 0.0
48 5 0.05893995985388756 0.0 0.02273719199001789 0.0
48 6 0.056424934417009354 0.0 0.021911796182394028 0.0
48 7 0.05470852926373482 0.0 0.0208787489682436 0.0
48 8 0.05484380945563316 0.0 0.02077522687613964 0.0
48 9 0.052821941673755646 0.0 0.01974066160619259 0.0
48 10 0.052931368350982666 0.0 0.019855640828609467 0.0
48 11 0.05995011702179909 0.0 0.022650329396128654 0.0
48 12 0.060828179121017456 0.0 0.02270415425300598 0.0
48 13 0.05974012613296509 0.0 0.02212611213326454 0.0
48 14 0.06467872858047485 0.0 0.023502593860030174 0.0
48 15 0.05785616487264633 0.0 0.021332014352083206 0.0
49 0 0.052250053733587265 0.0 0.020768238231539726 0.0
49 1 0.056791771203279495 0.0 0.02244660258293152 0.0
49 2 0.057481639087200165 0.0 0.022650133818387985 0.0
49 3 0.056827984750270844 0.0 0.02252967655658722 0.0
49 4 0.05609355866909027 0.0 0.02169063128530979 0.0
49 5 0.05126835033297539 0.0 0.01959216222167015 0.0
49 6 0.05670881271362305 0.0 0.02190462313592434 0.0
49 7 0.05265650898218155 0.0 0.02000509388744831 0.0
49 8 0.06011239439249039 0.0 0.022965168580412865 0.0
49 9 0.05367534980177879 0.0 0.020327379927039146 0.0
49 10 0.05535116791725159 0.0 0.020732132717967033 0.0
49 11 0.05522231012582779 0.0 0.020695647224783897 0.0
49 12 0.05889973044395447 0.0 0.021655777469277382 0.0
49 13 0.053667668253183365 0.0 0.019669795408844948 0.0
49 14 0.05731336027383804 0.0 0.020770272240042686 0.0
49 15 0.04596613347530365 0.0 0.01677914895117283 0.0
50 0 0.05210401490330696 0.0 0.020570052787661552 0.0
50 1 0.05318118631839752 0.0 0.02085495926439762 0.0
50 2 0.051637861877679825 0.0 0.02032030187547207 0.0
50 3 0.057283543050289154 0.0 0.02237238734960556 0.0
50 4 0.055235933512449265 0.0 0.02139388583600521 0.0
50 5 0.05543195828795433 0.0 0.021314285695552826 0.0
50 6 0.052379149943590164 0.0 0.019925890490412712 0.0
50 7 0.05450886860489845 0.0 0.02080162614583969 0.0
50 8 0.055639367550611496 0.0 0.02111898548901081 0.0
50 9 0.05448591709136963 0.0 0.02065921388566494 0.0
50 10 0.05475400760769844 0.0 0.02065863460302353 0.0
50 11 0.05783680081367493 0.0 0.021431172266602516 0.0
50 12 0.05385643616318703 0.0 0.020119881257414818 0.0
50 13 0.0557103157043457 0.0 0.02036333456635475 0.0
50 14 0.053741030395030975 0.0 0.019677890464663506 0.0
50 15 0.05957786366343498 0.0 0.02171553485095501 0.0
51 0 0.04874078184366226 0.0 0.01918835937976837 0.0
51 1 0.054459262639284134 0.0 0.02142847329378128 0.0
51 2 0.04956438019871712 0.0 0.019589941948652267 0.0
51 3 0.05025552958250046 0.0 0.01960083097219467 0.0
51 4 0.05500302091240883 0.0 0.0214939434081316 0.0
51 5 0.05419867858290672 0.0 0.02095414698123932 0.0
51 6 0.05407053977251053 0.0 0.020653635263442993 0.0
51 7 0.049855418503284454 0.0 0.0187076386064291 0.0
51 8 0.05403291434049606 0.0 0.0203702375292778 0.0
51 9 0.05540753901004791 0.0 0.020907074213027954 0.0
51 10 0.05677571892738342 0.0 0.021265894174575806 0.0
51 11 0.054830145090818405 0.0 0.020291345193982124 0.0
51 12 0.052744973450899124 0.0 0.01955578662455082 0.0
51 13 0.05920115113258362 0.0 0.02177266590297222 0.0
51 14 0.060598310083150864 0.0 0.022193418815732002 0.0
51 15 0.059774529188871384 0.0 0.021689945831894875 0.0
52 0 0.05187426880002022 0.0 0.02053094655275345 0.0
52 1 0.05148276314139366 0.0 0.020627226680517197 0.0
52 2 0.05413755774497986 0.0 0.021198729053139687 0.0
52 3 0.04832855612039566 0.0 0.01906604878604412 0.0
52 4 0.0511053167283535 0.0 0.01961529813706875 0.0
52 5 0.05698033422231674 0.0 0.022198060527443886 0.0
52 6 0.05014881491661072 0.0 0.018777675926685333 0.0
52 7 0.05344162881374359 0.0 0.020348161458969116 0.0
52 8 0.059131380170583725 0.0 0.022165006026625633 0.0
52 9 0.05276383459568024 0.0 0.01977662555873394 0.0
52 10 0.05003155395388603 0.0 0.01885615848004818 0.0
52 11 0.05910902097821236 0.0 0.02213793620467186 0.0
52 12 0.05634109675884247 0.0 0.02043430134654045 0.0
52 13 0.05361582711338997 0.0 0.01942596770823002 0.0
52 14 0.05583857744932175 0.0 0.02055002562701702 0.0
52 15 0.05515949800610542 0.0 0.02002698741853237 0.0
53 0 0.04787575080990791 0.0 0.018986547365784645 0.0
53 1 0.048434220254421234 0.0 0.019198767840862274 0.0
53 2 0.050362009555101395 0.0 0.019654560834169388 0.0
53 3 0.05517670139670372 0.0 0.021481938660144806 0.0
53 4 0.049792420119047165 0.0 0.019274527207016945 0.0
53 5 0.050718631595373154 0.0 0.019528206437826157 0.0
53 6 0.0540403388440609 0.0 0.020382661372423172 0.0
53 7 0.05949387326836586 0.0 0.022524015977978706 0.0
53 8 0.054174475371837616 0.0 0.020590871572494507 0.0
53 9 0.05264462158083916 0.0 0.01964733749628067 0.0
53 10 0.06016938388347626 0.0 0.02259973995387554 0.0
53 11 0.05026334151625633 0.0 0.018696293234825134 0.0
53 12 0.052414558827877045 0.0 0.01928108185529709 0.0
53 13 0.05630579963326454 0.0 0.020487969741225243 0.0
53 14 0.052754975855350494 0.0 0.019256403669714928 0.0
53 15 0.056176237761974335 0.0 0.020583083853125572 0.0
54 0 0.04963712394237518 0.0 0.0196525938808918 0.0
54 1 0.04669729620218277 0.0 0.018317896872758865 0.0
54 2 0.052634015679359436 0.0 0.020356297492980957 0.0
54 3 0.049689266830682755 0.0 0.019229011610150337 0.0
54 4 0.05390218272805214 0.0 0.020846545696258545 0.0
54 5 0.05419408529996872 0.0 0.020952194929122925 0.0
54 6 0.05197928845882416 0.0 0.01974588632583618 0.0
54 7 0.052081070840358734 0.0 0.01979692652821541 0.0
54 8 0.054897624999284744 0.0 0.020780207589268684 0.0
54 9 0.051534153521060944 0.0 0.01931159570813179 0.0
54 10 0.05583230033516884 0.0 0.020890632644295692 0.0
54 11 0.054065946489572525 0.0 0.02004864811897278 0.0
54 12 0.052371229976415634 0.0 0.01926599070429802 0.0
54 13 0.05552145466208458 0.0 0.020400475710630417 0.0
54 14 0.05553998798131943 0.0 0.02010573074221611 0.0
54 15 0.05017750337719917 0.0 0.017996396869421005 0.0
55 0 0.04732687398791313 0.0 0.018534930422902107 0.0
55 1 0.0508231520652771 0.0 0.01991180330514908 0.0
55 2 0.04826625436544418 0.0 0.018976250663399696 0.0
55 3 0.04526200145483017 0.0 0.017581051215529442 0.0
55 4 0.05109183117747307 0.0 0.019807495176792145 0.0
55 5 0.053948044776916504 0.0 0.020584989339113235 0.0
55 6 0.05012102425098419 0.0 0.01895252801477909 0.0
55 7 0.05703673139214516 0.0 0.02184932306408882 0.0
55 8 0.05095021054148674 0.0 0.01912122406065464 0.0
55 9 0.05160390958189964 0.0 0.01936555653810501 0.0
55 10 0.049966853111982346 0.0 0.01850559003651142 0.0
55 11 0.056024376302957535 0.0 0.020776916295289993 0.0
55 12 0.054540522396564484 0.0 0.02010180987417698 0.0
55 13 0.05809852108359337 0.0 0.021303247660398483 0.0
55 14 0.05830290913581848 0.0 0.021131467074155807 0.0
55 15 0.04992052912712097 0.0 0.017809558659791946 0.0
56 0 0.046733368188142776 0.0 0.01825425960123539 0.0
56 1 0.05396039038896561 0.0 0.021151915192604065 0.0
56 2 0.05126136541366577 0.0 0.019857285544276237 0.0
56 3 0.046671442687511444 0.0 0.01794070564210415 0.0
56 4 0.05193387717008591 0.0 0.019727004691958427 0.0
56 5 0.04664148390293121 0.0 0.018207795917987823 0.0
56 6 0.054464466869831085 0.0 0.020656727254390717 0.0
56 7 0.054833199828863144 0.0 0.020861316472291946 0.0
56 8 0.054093122482299805 0.0 0.02039516717195511 0.0
56 9 0.05169026926159859 0.0 0.019289914518594742 0.0
56 10 0.053878895938396454 0.0 0.01993955858051777 0.0
56 11 0.05420723557472229 0.0 0.0201560128480196 0.0
56 12 0.04974288120865822 0.0 0.01828097179532051 0.0
56 13 0.04961631819605827 0.0 0.018077842891216278 0.0
56 14 0.054488398134708405 0.0 0.019732126966118813 0.0
56 15 0.0508049912750721 0.0 0.01871226169168949 0.0
57 0 0.05204923450946808 0.0 0.020280255004763603 0.0
57 1 0.050605662167072296 0.0 0.01969909481704235 0.0
57 2 0.048195742070674896 0.0 0.018698422238230705 0.0
57 3 0.04965004324913025 0.0 0.019205613061785698 0.0
57 4 0.0481441393494606 0.0 0.018533769994974136 0.0
57 5 0.04808522015810013 0.0 0.018452243879437447 0.0
57 6 0.04906325414776802 0.0 0.018639259040355682 0.0
57 7 0.05030212178826332 0.0 0.018876351416110992 0.0
57 8 0.04992207512259483 0.0 0.01884128898382187 0.0
57 9 0.051244258880615234 0.0 0.019182754680514336 0.0
57 10 0.05232568457722664 0.0 0.019441165030002594 0.0
57 11 0.05458438768982887 0.0 0.020343752577900887 0.0
57 12 0.055709533393383026 0.0 0.020591117441654205 0.0
57 13 0.055400848388671875 0.0 0.02011124975979328 0.0
57 14 0.05503392592072487 0.0 0.019927361980080605 0.0
57 15 0.04518700763583183 0.0 0.01608419418334961 0.0
58 0 0.05030681565403938 0.0 0.019826678559184074 0.0
58 1 0.04974588751792908 0.0 0.019475752487778664 0.0
58 2 0.049577146768569946 0.0 0.019151955842971802 0.0
58 3 0.04754021763801575 0.0 0.01832284778356552 0.0
58 4 0.04847468435764313 0.0 0.018619626760482788 0.0
58 5 0.050195105373859406 0.0 0.019217412918806076 0.0
58 6 0.045045435428619385 0.0 0.01720474474132061 0.0
58 7 0.047751542180776596 0.0 0.01792667806148529 0.0
58 8 0.05407959222793579 0.0 0.020216889679431915 0.0
58 9 0.04789679870009422 0.0 0.017926059663295746 0.0
58 10 0.05338338389992714 0.0 0.01997567154467106 0.0
58 11 0.05406179279088974 0.0 0.01981000229716301 0.0
58 12 0.0530170202255249 0.0 0.01946483924984932 0.0
58 13 0.0506199486553669 0.0 0.01863580010831356 0.0
58 14 0.05178841948509216 0.0 0.01848829910159111 0.0
58 15 0.05856712907552719 0.0 0.021105492487549782 0.0
59 0 0.042417529970407486 0.0 0.016562258824706078 0.0
59 1 0.04781230911612511 0.0 0.01881374418735504 0.0
59 2 0.05106199160218239 0.0 0.02005203440785408 0.0
59 3 0.047569748014211655 0.0 0.018148235976696014 0.0
59 4 0.044955093413591385 0.0 0.017348386347293854 0.0
59 5 0.04930264875292778 0.0 0.01894306391477585 0.0
59 6 0.05199376866221428 0.0 0.0196445994079113 0.0
59 7 0.05131731927394867 0.0 0.019476110115647316 0.0
59 8 0.052283186465501785 0.0 0.019564256072044373 0.0
59 9 0.053704552352428436 0.0 0.019990891218185425 0.0
59 10 0.05333385989069939 0.0 0.01952015422284603 0.0
59 11 0.04846390709280968 0.0 0.017716141417622566 0.0
59 12 0.05052243545651436 0.0 0.018520798534154892 0.0
59 13 0.04981701448559761 0.0 0.018063876777887344 0.0
59 14 0.052222203463315964 0.0 0.018658773973584175 0.0
59 15 0.057489462196826935 0.0 0.020846370607614517 0.0
60 0 0.0455825999379158 0.0 0.018002333119511604 0.0
60 1 0.04782000556588173 0.0 0.018766919150948524 0.0
60 2 0.04726189002394676 0.0 0.018355300650000572 0.0
60 3 0.04486502707004547 0.0 0.017269793897867203 0.0
60 4 0.04815630242228508 0.0 0.0182769987732172 0.0
60 5 0.04853487014770508 0.0 0.01828676462173462 0.0
60 6 0.05348284915089607 0.0 0.020452816039323807 0.0
60 7 0.05516748130321503 0.0 0.020983682945370674 0.0
60 8 0.05076342076063156 0.0 0.018875962123274803 0.0
60 9 0.0499580018222332 0.0 0.018626922741532326 0.0
60 10 0.04946708679199219 0.0 0.018255501985549927 0.0
60 11 0.051408592611551285 0.0 0.018762480467557907 0.0
60 12 0.05164416506886482 0.0 0.018946629017591476 0.0
60 13 0.04939588904380798 0.0 0.017749501392245293 0.0
60 14 0.04981295019388199 0.0 0.018084125593304634 0.0
60 15 0.05608181282877922 0.0 0.020299585536122322 0.0
61 0 0.048819683492183685 0.0 0.01912267878651619 0.0
61 1 0.04353420436382294 0.0 0.01698140613734722 0.0
61 2 0.05057127773761749 0.0 0.019569745287299156 0.0
61 3 0.04505085200071335 0.0 0.017361396923661232 0.0
61 4 0.04703841730952263 0.0 0.017822997644543648 0.0
61 5 0.049234431236982346 0.0 0.0187330674380064 0.0
61 6 0.05244169011712074 0.0 0.019924163818359375 0.0
61 7 0.05451035499572754 0.0 0.020490681752562523 0.0
61 8 0.04845260828733444 0.0 0.018176671117544174 0.0
61 9 0.04931919649243355 0.0 0.018394513055682182 0.0
61 10 0.05079830810427666 0.0 0.018705880269408226 0.0
61 11 0.05054057389497757 0.0 0.018590135499835014 0.0
61 12 0.05128246918320656 0.0 0.018670761957764626 0.0
61 13 0.04630252346396446 0.0 0.016800936311483383 0.0
61 14 0.05553913861513138 0.0 0.02010495588183403 0.0
61 15 0.050235629081726074 0.0 0.018279563635587692 0.0
62 0 0.0462881401181221 0.0 0.018062472343444824 0.0
62 1 0.04968061298131943 0.0 0.01947072334587574 0.0
62 2 0.04971630498766899 0.0 0.019351374357938766 0.0
62 3 0.04848663881421089 0.0 0.01873474195599556 0.0
62 4 0.049547601491212845 0.0 0.018838917836546898 0.0
62 5 0.04642900079488754 0.0 0.017834022641181946 0.0
62 6 0.05388578400015831 0.0 0.020463960245251656 0.0
62 7 0.04699762538075447 0.0 0.017632730305194855 0.0
62 8 0.04786969721317291 0.0 0.017714014276862144 0.0
62 9 0.047188084572553635 0.0 0.017562273889780045 0.0
62 10 0.04972657933831215 0.0 0.01830488257110119 0.0
62 11 0.0484992191195488 0.0 0.017767179757356644 0.0
62 12 0.0497945211827755 0.0 0.018026499077677727 0.0
62 13 0.0501595139503479 0.0 0.018276700749993324 0.0
62 14 0.052336689084768295 0.0 0.018933100625872612 0.0
62 15 0.05355384200811386 0.0 0.01948276348412037 0.0
63 0 0.04510173946619034 0.0 0.017530838027596474 0.0
63 1 0.04585661366581917 0.0 0.01805262267589569 0.0
63 2 0.04816192016005516 0.0 0.01861679181456566 0.0
63 3 0.047985028475522995 0.0 0.01842324621975422 0.0
63 4 0.04789458587765694 0.0 0.018385592848062515 0.0
63 5 0.04540298879146576 0.0 0.01707778126001358 0.0
63 6 0.04682738706469536 0.0 0.017566360533237457 0.0
63 7 0.045953910797834396 0.0 0.01730233058333397 0.0
63 8 0.049148477613925934 0.0 0.01834416389465332 0.0
63 9 0.049231816083192825 0.0 0.01829940266907215 0.0
63 10 0.04941757023334503 0.0 0.018206361681222916 0.0
63 11 0.056525953114032745 0.0 0.021059034392237663 0.0
63 12 0.05029917508363724 0.0 0.0184329766780138 0.0
63 13 0.0514032244682312 0.0 0.01869865693151951 0.0
63 14 0.05310554802417755 0.0 0.019075803458690643 0.0
63 15 0.05509614944458008 0.0 0.01966903917491436 0.0
64 0 0.04514281824231148 0.0 0.01759820058941841 0.0
64 1 0.04550723731517792 0.0 0.017573419958353043 0.0
64 2 0.044786665588617325 0.0 0.017170410603284836 0.0
64 3 0.048570629209280014 0.0 0.018558448180556297 0.0
64 4 0.05079256743192673 0.0 0.01941773295402527 0.0
64 5 0.050882235169410706 0.0 0.01938801072537899 0.0
64 6 0.0479821115732193 0.0 0.01818944327533245 0.0
64 7 0.04749355465173721 0.0 0.018027232959866524 0.0
64 8 0.04357929527759552 0.0 0.01627901755273342 0.0
64 9 0.052147768437862396 0.0 0.019371677190065384 0.0
64 10 0.051597174257040024 0.0 0.018984893336892128 0.0
64 11 0.05017175152897835 0.0 0.01834959164261818 0.0
64 12 0.04991234466433525 0.0 0.018233055248856544 0.0
64 13 0.05235416442155838 0.0 0.01920953206717968 0.0
64 14 0.04966402053833008 0.0 0.01777574233710766 0.0
64 15 0.051004938781261444 0.0 0.01846087910234928 0.0
65 0 0.043192338198423386 0.0 0.016870420426130295 0.0
65 1 0.0455324724316597 0.0 0.01764621213078499 0.0
65 2 0.04674672335386276 0.0 0.01813187263906002 0.0
65 3 0.04706482216715813 0.0 0.01827212981879711 0.0
65 4 0.04831159859895706 0.0 0.018501555547118187 0.0
65 5 0.04503077641129494 0.0 0.01710238680243492 0.0
65 6 0.04537072405219078 0.0 0.01697610504925251 0.0
65 7 0.04714465141296387 0.0 0.017650095745921135 0.0
65 8 0.047272372990846634 0.0 0.017675766721367836 0.0
65 9 0.049791306257247925 0.0 0.018476657569408417 0.0
65 10 0.05093251168727875 0.0 0.01879970356822014 0.0
65 11 0.04841645434498787 0.0 0.017760418355464935 0.0
65 12 0.05650011822581291 0.0 0.020301470533013344 0.0
65 13 0.05218546465039253 0.0 0.019135603681206703 0.0
65 14 0.05237371847033501 0.0 0.01874438114464283 0.0
65 15 0.05429939180612564 0.0 0.019362887367606163 0.0
66 0 0.0472586564719677 0.0 0.018530849367380142 0.0
66 1 0.04605948179960251 0.0 0.017820017412304878 0.0
66 2 0.046540189534425735 0.0 0.018244996666908264 0.0
66 3 0.04807168245315552 0.0 0.01853276789188385 0.0
66 4 0.0466749332845211 0.0 0.017660195007920265 0.0
66 5 0.050293706357479095 0.0 0.019084904342889786 0.0
66 6 0.04826359450817108 0.0 0.01837286166846752 0.0
66 7 0.044739823788404465 0.0 0.016788113862276077 0.0
66 8 0.050343938171863556 0.0 0.01853821612894535 0.0
66 9 0.05162772163748741 0.0 0.019184190779924393 0.0
66 10 0.04841398447751999 0.0 0.017762327566742897 0.0
66 11 0.05025871843099594 0.0 0.01830076426267624 0.0
66 12 0.04681692644953728 0.0 0.017086053267121315 0.0
66 13 0.04941504821181297 0.0 0.017889076843857765 0.0
66 14 0.04788392782211304 0.0 0.017336169257760048 0.0
66 15 0.04972625523805618 0.0 0.017808234319090843 0.0
67 0 0.04798806831240654 0.0 0.01872963272035122 0.0
67 1 0.04821809008717537 0.0 0.018848810344934464 0.0
67 2 0.04812538996338844 0.0 0.018270500004291534 0.0
67 3 0.04964939504861832 0.0 0.01892990618944168 0.0
67 4 0.0479273684322834 0.0 0.018375379964709282 0.0
67 5 0.04252348095178604 0.0 0.016036903485655785 0.0
67 6 0.05055762082338333 0.0 0.018883150070905685 0.0
67 7 0.04743806645274162 0.0 0.017981451004743576 0.0
67 8 0.04364485293626785 0.0 0.01620907336473465 0.0
67 9 0.04552256688475609 0.0 0.016804860904812813 0.0
67 10 0.05088584125041962 0.0 0.018775390461087227 0.0
67 11 0.05088413506746292 0.0 0.01859419047832489 0.0
67 12 0.046885136514902115 0.0 0.017279988154768944 0.0
67 13 0.05061371251940727 0.0 0.018426401540637016 0.0
67 14 0.04779684916138649 0.0 0.017129937186837196 0.0
67 15 0.05095398426055908 0.0 0.018354292958974838 0.0
68 0 0.04897312447428703 0.0 0.01911264657974243 0.0
68 1 0.047382812947034836 0.0 0.018391266465187073 0.0
68 2 0.04450207203626633 0.0 0.017160581424832344 0.0
68 3 0.045359332114458084 0.0 0.01747884601354599 0.0
68 4 0.04572414979338646 0.0 0.01740892045199871 0.0
68 5 0.04847511649131775 0.0 0.018248220905661583 0.0
68 6 0.04623368754982948 0.0 0.017413316294550896 0.0
68 7 0.04838348552584648 0.0 0.01814150996506214 0.0
68 8 0.04754660651087761 0.0 0.017734505236148834 0.0
68 9 0.04572967439889908 0.0 0.017019737511873245 0.0
68 10 0.05098893493413925 0.0 0.018765751272439957 0.0
68 11 0.04690147191286087 0.0 0.0171034075319767 0.0
68 12 0.04930652678012848 0.0 0.017922619357705116 0.0
68 13 0.04843910411000252 0.0 0.01738060638308525 0.0
68 14 0.050748053938150406 0.0 0.018253352493047714 0.0
68 15 0.051285989582538605 0.0 0.01842486299574375 0.0
69 0 0.04314799606800079 0.0 0.016778187826275826 0.0
69 1 0.04457644000649452 0.0 0.01725219003856182 0.0
69 2 0.04421944543719292 0.0 0.01684170961380005 0.0
69 3 0.04733079671859741 0.0 0.018213804811239243 0.0
69 4 0.04628932103514671 0.0 0.01773141883313656 0.0
69 5 0.047255706042051315 0.0 0.0178833045065403 0.0
69 6 0.05052897706627846 0.0 0.01898692175745964 0.0
69 7 0.045517802238464355 0.0 0.016881605610251427 0.0
69 8 0.05132677033543587 0.0 0.019220968708395958 0.0
69 9 0.04837559163570404 0.0 0.017810525372624397 0.0
69 10 0.05081865191459656 0.0 0.018934398889541626 0.0
69 11 0.049229465425014496 0.0 0.01817965880036354 0.0
69 12 0.04685109108686447 0.0 0.01700560934841633 0.0
69 13 0.04970744252204895 0.0 0.017844680696725845 0.0
69 14 0.04708230495452881 0.0 0.016832515597343445 0.0
69 15 0.04866936057806015 0.0 0.017431151121854782 0.0
70 0 0.04484598711133003 0.0 0.017549563199281693 0.0
70 1 0.04625118523836136 0.0 0.017907291650772095 0.0
70 2 0.044091060757637024 0.0 0.01711687445640564 0.0
70 3 0.04583984613418579 0.0 0.017373396083712578 0.0
70 4 0.04520189389586449 0.0 0.017405971884727478 0.0
70 5 0.04885976016521454 0.0 0.018336456269025803 0.0
70 6 0.04697693511843681 0.0 0.017618617042899132 0.0
70 7 0.04648754000663757 0.0 0.017458030954003334 0.0
70 8 0.04595845565199852 0.0 0.017109179869294167 0.0
70 9 0.04934794083237648 0.0 0.01822652667760849 0.0
70 10 0.048251278698444366 0.0 0.017634287476539612 0.0
70 11 0.048151299357414246 0.0 0.017616156488656998 0.0
70 12 0.04718390479683876 0.0 0.01716272532939911 0.0
70 13 0.04828348755836487 0.0 0.017556555569171906 0.0
70 14 0.050626322627067566 0.0 0.017951030284166336 0.0
70 15 0.0553039126098156 0.0 0.01992119662463665 0.0
71 0 0.04152769595384598 0.0 0.016138536855578423 0.0
71 1 0.0485231950879097 0.0 0.018627336248755455 0.0
71 2 0.04619748890399933 0.0 0.017736297100782394 0.0
71 3 0.04473891854286194 0.0 0.017180146649479866 0.0
71 4 0.04342377185821533 0.0 0.01654510200023651 0.0
71 5 0.04696749523282051 0.0 0.01783682405948639 0.0
71 6 0.04345954209566116 0.0 0.016449689865112305 0.0
71 7 0.0466439463198185 0.0 0.017349442467093468 0.0
71 8 0.04887760058045387 0.0 0.0182560533285141 0.0
71 9 0.05408816039562225 0.0 0.0201239213347435 0.0
71 10 0.04937365651130676 0.0 0.018124869093298912 0.0
71 11 0.04891175404191017 0.0 0.017810679972171783 0.0
71 12 0.049410056322813034 0.0 0.01813599467277527 0.0
71 13 0.051456134766340256 0.0 0.018588325008749962 0.0
71 14 0.04388105124235153 0.0 0.015598309226334095 0.0
71 15 0.049751635640859604 0.0 0.01784891076385975 0.0
72 0 0.045023586601018906 0.0 0.017467502504587173 0.0
72 1 0.0448254719376564 0.0 0.017428189516067505 0.0
72 2 0.0412430539727211 0.0 0.01597513258457184 0.0
72 3 0.046296194195747375 0.0 0.017483139410614967 0.0
72 4 0.0518939271569252 0.0 0.019824376329779625 0.0
72 5 0.04991776868700981 0.0 0.01881258375942707 0.0
72 6 0.045092590153217316 0.0 0.017054831609129906 0.0
72 7 0.04337414354085922 0.0 0.016127146780490875 0.0
72 8 0.04652545228600502 0.0 0.017329702153801918 0.0
72 9 0.048388659954071045 0.0 0.0180332250893116 0.0
72 10 0.04853031784296036 0.0 0.017857559025287628 0.0
72 11 0.04737086221575737 0.0 0.01730308309197426 0.0
72 12 0.04821591451764107 0.0 0.017352253198623657 0.0
72 13 0.04906061291694641 0.0 0.017864534631371498 0.0
72 14 0.04839786887168884 0.0 0.017285866662859917 0.0
72 15 0.05185828357934952 0.0 0.01853214204311371 0.0
73 0 0.04230222851037979 0.0 0.016353877261281013 0.0
73 1 0.04711759835481644 0.0 0.01833331026136875 0.0
73 2 0.045135583728551865 0.0 0.017360297963023186 0.0
73 3 0.04390942305326462 0.0 0.016816210001707077 0.0
73 4 0.045142196118831635 0.0 0.01735064387321472 0.0
73 5 0.04813053458929062 0.0 0.018138451501727104 0.0
73 6 0.04767517372965813 0.0 0.017935892567038536 0.0
73 7 0.04594901204109192 0.0 0.017228061333298683 0.0
73 8 0.04641950875520706 0.0 0.01720251515507698 0.0
73 9 0.04938121885061264 0.0 0.018092110753059387 0.0
73 10 0.047342535108327866 0.0 0.017339196056127548 0.0
73 11 0.051081638783216476 0.0 0.01875324547290802 0.0
73 12 0.047697510570287704 0.0 0.017421074211597443 0.0
73 13 0.04718214273452759 0.0 0.01693391613662243 0.0
73 14 0.05153616517782211 0.0 0.01854597218334675 0.0
73 15 0.04572919383645058 0.0 0.01616036891937256 0.0
74 0 0.04553501680493355 0.0 0.01764480583369732 0.0
74 1 0.04867812246084213 0.0 0.01891804300248623 0.0
74 2 0.048995498567819595 0.0 0.019037790596485138 0.0
74 3 0.041233357042074203 0.0 0.01582258753478527 0.0
74 4 0.04637636989355087 0.0 0.017623284831643105 0.0
74 5 0.04885822907090187 0.0 0.018187085166573524 0.0
74 6 0.0470878966152668 0.0 0.01769259385764599 0.0
74 7 0.048192914575338364 0.0 0.01801360212266445 0.0
74 8 0.047261256724596024 0.0 0.017757784575223923 0.0
74 9 0.04536546766757965 0.0 0.016891486942768097 0.0
74 10 0.04493764415383339 0.0 0.01662387140095234 0.0
74 11 0.04810149967670441 0.0 0.017403939738869667 0.0
74 12 0.04512758553028107 0.0 0.016236312687397003 0.0
74 13 0.04953138530254364 0.0 0.017759129405021667 0.0
74 14 0.04645267501473427 0.0 0.016703816130757332 0.0
74 15 0.04819618538022041 0.0 0.01717851683497429 0.0
75 0 0.04806860536336899 0.0 0.01870618388056755 0.0
75 1 0.04247134551405907 0.0 0.016419395804405212 0.0
75 2 0.04313694313168526 0.0 0.016752228140830994 0.0
75 3 0.04377176985144615 0.0 0.016514476388692856 0.0
75 4 0.04437294602394104 0.0 0.017021823674440384 0.0
75 5 0.04677644744515419 0.0 0.01769230328500271 0.0
75 6 0.052332472056150436 0.0 0.019680017605423927 0.0
75 7 0.04211638122797012 0.0 0.015564308501780033 0.0
75 8 0.04552428424358368 0.0 0.016809256747364998 0.0
75 9 0.04870390519499779 0.0 0.017988672479987144 0.0
75 10 0.05021125450730324 0.0 0.018494565039873123 0.0
75 11 0.047215647995471954 0.0 0.01734047383069992 0.0
75 12 0.048590246587991714 0.0 0.01759985275566578 0.0
75 13 0.04904767498373985 0.0 0.017642326653003693 0.0
75 14 0.04772293567657471 0.0 0.01717645488679409 0.0
75 15 0.04844801500439644 0.0 0.017236527055501938 0.0
76 0 0.04311101511120796 0.0 0.01691260002553463 0.0
76 1 0.046810586005449295 0.0 0.01838500052690506 0.0
76 2 0.0422707237303257 0.0 0.016098666936159134 0.0
76 3 0.04565393179655075 0.0 0.01741875894367695 0.0
76 4 0.04601513221859932 0.0 0.017501162365078926 0.0
76 5 0.0462784506380558 0.0 0.017481181770563126 0.0
76 6 0.047685492783784866 0.0 0.017859656363725662 0.0
76 7 0.04572802409529686 0.0 0.01718827337026596 0.0
76 8 0.0456998310983181 0.0 0.01696735993027687 0.0
76 9 0.04591777175664902 0.0 0.016912246122956276 0.0
76 10 0.0499652698636055 0.0 0.018168233335018158 0.0
76 11 0.045682143419981 0.0 0.01648172177374363 0.0
76 12 0.05205525830388069 0.0 0.01910584606230259 0.0
76 13 0.0510101318359375 0.0 0.018474914133548737 0.0
76 14 0.04347948729991913 0.0 0.015404554083943367 0.0
76 15 0.049971070140600204 0.0 0.01763523742556572 0.0
77 0 0.04413449391722679 0.0 0.01717858761548996 0.0
77 1 0.04844069108366966 0.0 0.018643109127879143 0.0
77 2 0.04807226359844208 0.0 0.018387939780950546 0.0
77 3 0.041767776012420654 0.0 0.015914544463157654 0.0
77 4 0.04246660694479942 0.0 0.016205431893467903 0.0
77 5 0.04564610496163368 0.0 0.01716379076242447 0.0
77 6 0.045752521604299545 0.0 0.017218198627233505 0.0
77 7 0.04784891754388809 0.0 0.017926378175616264 0.0
77 8 0.046547308564186096 0.0 0.017374910414218903 0.0
77 9 0.04644179344177246 0.0 0.01702026091516018 0.0
77 10 0.04815804958343506 0.0 0.017545782029628754 0.0
77 11 0.045298900455236435 0.0 0.01659117266535759 0.0
77 12 0.04791676625609398 0.0 0.017320707440376282 0.0
77 13 0.04658672586083412 0.0 0.016853222623467445 0.0
77 14 0.05119049549102783 0.0 0.018438145518302917 0.0
77 15 0.04778118431568146 0.0 0.01709756627678871 0.0
78 0 0.041471004486083984 0.0 0.016035642474889755 0.0
78 1 0.04440966248512268 0.0 0.017316075041890144 0.0
78 2 0.047045402228832245 0.0 0.018148619681596756 0.0
78 3 0.045297037810087204 0.0 0.01738901250064373 0.0
78 4 0.04080263525247574 0.0 0.015389037318527699 0.0
78 5 0.04672640189528465 0.0 0.01759219542145729 0.0
78 6 0.045927971601486206 0.0 0.017352744936943054 0.0
78 7 0.048235226422548294 0.0 0.017924467101693153 0.0
78 8 0.04773540049791336 0.0 0.017759351059794426 0.0
78 9 0.04227035120129585 0.0 0.0155450738966465 0.0
78 10 0.0478644035756588 0.0 0.017386363819241524 0.0
78 11 0.04657274857163429 0.0 0.016863780096173286 0.0
78 12 0.045134637504816055 0.0 0.01633327640593052 0.0
78 13 0.0511961355805397 0.0 0.018389152362942696 0.0
78 14 0.05002501979470253 0.0 0.01796724647283554 0.0
78 15 0.05435849353671074 0.0 0.019614163786172867 0.0
79 0 0.04295019432902336 0.0 0.016775187104940414 0.0
79 1 0.04405912011861801 0.0 0.01696416363120079 0.0
79 2 0.04149948060512543 0.0 0.015826601535081863 0.0
79 3 0.048406459391117096 0.0 0.018580136820673943 0.0
79 4 0.04617602378129959 0.0 0.017315907403826714 0.0
79 5 0.044569164514541626 0.0 0.016816869378089905 0.0
79 6 0.04607468470931053 0.0 0.017244553193449974 0.0
79 7 0.04712560772895813 0.0 0.017497174441814423 0.0
79 8 0.044239915907382965 0.0 0.016366541385650635 0.0
79 9 0.04781273379921913 0.0 0.01760035939514637 0.0
79 10 0.04459857568144798 0.0 0.016327766701579094 0.0
79 11 0.04600578546524048 0.0 0.016819704324007034 0.0
79 12 0.047070953994989395 0.0 0.017072666436433792 0.0
79 13 0.04726115241646767 0.0 0.016996974125504494 0.0
79 14 0.05410519242286682 0.0 0.01969831809401512 0.0
79 15 0.04822760075330734 0.0 0.017277229577302933 0.0
80 0 0.0433758907020092 0.0 0.016964774578809738 0.0
80 1 0.04431220516562462 0.0 0.0170114915817976 0.0
80 2 0.047063712030649185 0.0 0.018042631447315216 0.0
80 3 0.04780178889632225 0.0 0.01825050450861454 0.0
80 4 0.044793788343667984 0.0 0.017028097063302994 0.0
80 5 0.04470853880047798 0.0 0.01701977290213108 0.0
80 6 0.04520530626177788 0.0 0.016866609454154968 0.0
80 7 0.04470309242606163 0.0 0.016642911359667778 0.0
80 8 0.04671610891819 0.0 0.01720936968922615 0.0
80 9 0.05137092247605324 0.0 0.01901387609541416 0.0
80 10 0.04528464004397392 0.0 0.016694752499461174 0.0
80 11 0.045501068234443665 0.0 0.01664075441658497 0.0
80 12 0.04532366618514061 0.0 0.01657065562903881 0.0
80 13 0.04475552961230278 0.0 0.015974653884768486 0.0
80 14 0.051779381930828094 0.0 0.018495123833417892 0.0
80 15 0.04486776515841484 0.0 0.015738891437649727 0.0
81 0 0.0456727109849453 0.0 0.0177688617259264 0.0
81 1 0.04528240114450455 0.0 0.017492668703198433 0.0
81 2 0.04551813378930092 0.0 0.017434420064091682 0.0
81 3 0.0422050803899765 0.0 0.01604766584932804 0.0
81 4 0.04500516504049301 0.0 0.017208514735102654 0.0
81 5 0.047618016600608826 0.0 0.01810317300260067 0.0
81 6 0.041972752660512924 0.0 0.015535025857388973 0.0
81 7 0.05020400136709213 0.0 0.01874621771275997 0.0
81 8 0.04536052048206329 0.0 0.016841044649481773 0.0
81 9 0.0464928075671196 0.0 0.01720748282968998 0.0
81 10 0.04633751139044762 0.0 0.016946440562605858 0.0
81 11 0.04737488925457001 0.0 0.017297130078077316 0.0
81 12 0.046811554580926895 0.0 0.01697208173573017 0.0
81 13 0.04454681649804115 0.0 0.016138965263962746 0.0
81 14 0.05069325491786003 0.0 0.018016379326581955 0.0
81 15 0.04565877839922905 0.0 0.016097191721200943 0.0
82 0 0.04422895237803459 0.0 0.01719103381037712 0.0
82 1 0.04405177757143974 0.0 0.016920937225222588 0.0
82 2 0.043630149215459824 0.0 0.01671336404979229 0.0
82 3 0.050488315522670746 0.0 0.019252140074968338 0.0
82 4 0.04408584162592888 0.0 0.016806337982416153 0.0
82 5 0.042905453592538834 0.0 0.016073472797870636 0.0
82 6 0.044310327619314194 0.0 0.016686389222741127 0.0
82 7 0.046278271824121475 0.0 0.0173579640686512 0.0
82 8 0.049234166741371155 0.0 0.018348393961787224 0.0
82 9 0.046175260096788406 0.0 0.017079563811421394 0.0
82 10 0.04849287122488022 0.0 0.017918452620506287 0.0
82 11 0.0454668253660202 0.0 0.01636749505996704 0.0
82 12 0.04446634650230408 0.0 0.016110017895698547 0.0
82 13 0.04778429865837097 0.0 0.017004311084747314 0.0
82 14 0.04725272208452225 0.0 0.016892973333597183 0.0
82 15 0.047510698437690735 0.0 0.016999680548906326 0.0
83 0 0.042504601180553436 0.0 0.01661783829331398 0.0
83 1 0.04269697144627571 0.0 0.016531120985746384 0.0
83 2 0.04364519938826561 0.0 0.0167644452303648 0.0
83 3 0.04569310322403908 0.0 0.017426682636141777 0.0
83 4 0.045688338577747345 0.0 0.017395686358213425 0.0
83 5 0.04470882564783096 0.0 0.01692906953394413 0.0
83 6 0.045694500207901 0.0 0.017099225893616676 0.0
83 7 0.045630261301994324 0.0 0.01701311208307743 0.0
83 8 0.042761050164699554 0.0 0.01584210805594921 0.0
83 9 0.04730074852705002 0.0 0.017118683084845543 0.0
83 10 0.044718172401189804 0.0 0.016460061073303223 0.0
83 11 0.050506409257650375 0.0 0.01836574077606201 0.0
83 12 0.050351984798908234 0.0 0.018246755003929138 0.0
83 13 0.04800795018672943 0.0 0.017195813357830048 0.0
83 14 0.0471334233880043 0.0 0.01687595248222351 0.0
83 15 0.049499377608299255 0.0 0.01763284206390381 0.0
84 0 0.04520735517144203 0.0 0.017499716952443123 0.0
84 1 0.04771139472723007 0.0 0.01855984702706337 0.0
84 2 0.04267646744847298 0.0 0.01651647314429283 0.0
84 3 0.04637228325009346 0.0 0.017727207392454147 0.0
84 4 0.04378177225589752 0.0 0.016471346840262413 0.0
84 5 0.04567484185099602 0.0 0.01742684282362461 0.0
84 6 0.045553769916296005 0.0 0.01708081364631653 0.0
84 7 0.046848148107528687 0.0 0.01741689071059227 0.0
84 8 0.044394537806510925 0.0 0.016385987401008606 0.0
84 9 0.04726827144622803 0.0 0.017285894602537155 0.0
84 10 0.048849597573280334 0.0 0.018019583076238632 0.0
84 11 0.050294067710638046 0.0 0.0183138158172369 0.0
84 12 0.04714499041438103 0.0 0.017043305560946465 0.0
84 13 0.04449600726366043 0.0 0.015938229858875275 0.0
84 14 0.04311707615852356 0.0 0.015321428887546062 0.0
84 15 0.04293658584356308 0.0 0.015154637396335602 0.0
85 0 0.039638951420784 0.0 0.01531550008803606 0.0
85 1 0.04200474172830582 0.0 0.01619202084839344 0.0
85 2 0.04779508337378502 0.0 0.018510961905121803 0.0
85 3 0.04180949553847313 0.0 0.01596779190003872 0.0
85 4 0.04517775774002075 0.0 0.01705315336585045 0.0
85 5 0.0449015349149704 0.0 0.016792157664895058 0.0
85 6 0.046922992914915085 0.0 0.01750420406460762 0.0
85 7 0.04454704374074936 0.0 0.016642671078443527 0.0
85 8 0.05064995214343071 0.0 0.01891002058982849 0.0
85 9 0.046606503427028656 0.0 0.01703072339296341 0.0
85 10 0.04621901735663414 0.0 0.016883859410881996 0.0
85 11 0.045669786632061005 0.0 0.016772937029600143 0.0
85 12 0.04740648716688156 0.0 0.017296189442276955 0.0
85 13 0.044702790677547455 0.0 0.016128771007061005 0.0
85 14 0.05114056542515755 0.0 0.018296143040060997 0.0
85 15 0.0489756278693676 0.0 0.01712406799197197 0.0
86 0 0.048096392303705215 0.0 0.018893739208579063 0.0
86 1 0.046866342425346375 0.0 0.01799740269780159 0.0
86 2 0.04051971435546875 0.0 0.015511120669543743 0.0
86 3 0.045931994915008545 0.0 0.017707709223031998 0.0
86 4 0.03989000245928764 0.0 0.01519128680229187 0.0
86 5 0.046555377542972565 0.0 0.017588205635547638 0.0
86 6 0.04537666589021683 0.0 0.017105115577578545 0.0
86 7 0.04893164336681366 0.0 0.018256887793540955 0.0
86 8 0.04655012488365173 0.0 0.01717400550842285 0.0
86 9 0.0448794811964035 0.0 0.016523243859410286 0.0
86 10 0.047669604420661926 0.0 0.017321407794952393 0.0
86 11 0.046736229211091995 0.0 0.017171945422887802 0.0
86 12 0.044884681701660156 0.0 0.015981324017047882 0.0
86 13 0.045696794986724854 0.0 0.016330860555171967 0.0
86 14 0.04893210902810097 0.0 0.017359431833028793 0.0
86 15 0.042623475193977356 0.0 0.015065377578139305 0.0
87 0 0.044247016310691833 0.0 0.017285041511058807 0.0
87 1 0.04342776536941528 0.0 0.016889717429876328 0.0
87 2 0.043773770332336426 0.0 0.016736134886741638 0.0
87 3 0.044015027582645416 0.0 0.01672644540667534 0.0
87 4 0.04323023185133934 0.0 0.016418086364865303 0.0
87 5 0.04774739220738411 0.0 0.018065664917230606 0.0
87 6 0.04705754667520523 0.0 0.01773902401328087 0.0
87 7 0.04411083459854126 0.0 0.016616374254226685 0.0
87 8 0.044473305344581604 0.0 0.016478311270475388 0.0
87 9 0.04763359948992729 0.0 0.017592011019587517 0.0
87 10 0.04848714917898178 0.0 0.01771828532218933 0.0
87 11 0.04667096585035324 0.0 0.0169150922447443 0.0
87 12 0.048820193856954575 0.0 0.01773155853152275 0.0
87 13 0.044023048132658005 0.0 0.015681006014347076 0.0
87 14 0.045113131403923035 0.0 0.015975486487150192 0.0
87 15 0.04889408126473427 0.0 0.01683359034359455 0.0
88 0 0.04015913978219032 0.0 0.015475512482225895 0.0
88 1 0.03957580775022507 0.0 0.015270985662937164 0.0
88 2 0.04359123110771179 0.0 0.01657901518046856 0.0
88 3 0.045841265469789505 0.0 0.01746547222137451 0.0
88 4 0.045441050082445145 0.0 0.017245924100279808 0.0
88 5 0.042828164994716644 0.0 0.016251783818006516 0.0
88 6 0.0460759699344635 0.0 0.017322026193141937 0.0
88 7 0.0487169586122036 0.0 0.01813800074160099 0.0
88 8 0.04830622300505638 0.0 0.01794237084686756 0.0
88 9 0.0447218120098114 0.0 0.01625099778175354 0.0
88 10 0.04590865969657898 0.0 0.016901390627026558 0.0
88 11 0.04619651660323143 0.0 0.01697620376944542 0.0
88 12 0.05122412368655205 0.0 0.018824920058250427 0.0
88 13 0.04638729244470596 0.0 0.01649942807853222 0.0
88 14 0.049193039536476135 0.0 0.017429526895284653 0.0
88 15 0.04551167041063309 0.0 0.016091151162981987 0.0
89 0 0.04266626015305519 0.0 0.016744596883654594 0.0
89 1 0.04085512459278107 0.0 0.01550282258540392 0.0
89 2 0.04551221802830696 0.0 0.01740426942706108 0.0
89 3 0.04302363470196724 0.0 0.01651972159743309 0.0
89 4 0.04209761321544647 0.0 0.01600734516978264 0.0
89 5 0.045167043805122375 0.0 0.017022810876369476 0.0
89 6 0.04633393883705139 0.0 0.017344141378998756 0.0
89 7 0.050818461924791336 0.0 0.019181087613105774 0.0
89 8 0.04524535685777664 0.0 0.01664666272699833 0.0
89 9 0.04515619948506355 0.0 0.01650567725300789 0.0
89 10 0.04547501727938652 0.0 0.016519911587238312 0.0
89 11 0.04315531626343727 0.0 0.01559251919388771 0.0
89 12 0.0497535765171051 0.0 0.01792474091053009 0.0
89 13 0.047439247369766235 0.0 0.017026767134666443 0.0
89 14 0.04685105383396149 0.0 0.016847819089889526 0.0
89 15 0.05091662332415581 0.0 0.01817881502211094 0.0
90 0 0.04456297308206558 0.0 0.0173793938010931 0.0
90 1 0.042834777384996414 0.0 0.016483385115861893 0.0
90 2 0.0399346761405468 0.0 0.015221059322357178 0.0
90 3 0.043281324207782745 0.0 0.016499333083629608 0.0
90 4 0.04446295648813248 0.0 0.016721243038773537 0.0
90 5 0.04403015598654747 0.0 0.016549039632081985 0.0
90 6 0.04305509105324745 0.0 0.015965618193149567 0.0
90 7 0.04907820373773575 0.0 0.018398206681013107 0.0
90 8 0.04577977582812309 0.0 0.01712973602116108 0.0
90 9 0.04792112857103348 0.0 0.017581257969141006 0.0
90 10 0.04746473208069801 0.0 0.01730646751821041 0.0
90 11 0.04661796614527702 0.0 0.017077160999178886 0.0
90 12 0.04670991003513336 0.0 0.016833659261465073 0.0
90 13 0.04311719536781311 0.0 0.015561404637992382 0.0
90 14 0.05078422650694847 0.0 0.01820976287126541 0.0
90 15 0.049692895263433456 0.0 0.017591431736946106 0.0
91 0 0.041726358234882355 0.0 0.016294017434120178 0.0
91 1 0.04234372451901436 0.0 0.016329504549503326 0.0
91 2 0.044344305992126465 0.0 0.016932368278503418 0.0
91 3 0.03990456089377403 0.0 0.01504561211913824 0.0
91 4 0.04343092441558838 0.0 0.016336800530552864 0.0
91 5 0.04391387477517128 0.0 0.016598915681242943 0.0
91 6 0.0438656359910965 0.0 0.01618584804236889 0.0
91 7 0.046354521065950394 0.0 0.017298027873039246 0.0
91 8 0.048201482743024826 0.0 0.017819887027144432 0.0
91 9 0.04854552447795868 0.0 0.018093768507242203 0.0
91 10 0.04819267615675926 0.0 0.017758984118700027 0.0
91 11 0.0482758954167366 0.0 0.017584607005119324 0.0
91 12 0.049977004528045654 0.0 0.0180254727602005 0.0
91 13 0.04473034292459488 0.0 0.01619097590446472 0.0
91 14 0.04719999432563782 0.0 0.01687440276145935 0.0
91 15 0.0469069629907608 0.0 0.016487719491124153 0.0
92 0 0.04590217024087906 0.0 0.017899595201015472 0.0
92 1 0.04156900942325592 0.0 0.015803594142198563 0.0
92 2 0.044694870710372925 0.0 0.01700602099299431 0.0
92 3 0.043369363993406296 0.0 0.016498828306794167 0.0
92 4 0.04791989177465439 0.0 0.01814660243690014 0.0
92 5 0.04551015421748161 0.0 0.01696966588497162 0.0
92 6 0.044710367918014526 0.0 0.016664132475852966 0.0
92 7 0.040930405259132385 0.0 0.015363474376499653 0.0
92 8 0.04317217320203781 0.0 0.01585218496620655 0.0
92 9 0.04676368087530136 0.0 0.01738971471786499 0.0
92 10 0.045879997313022614 0.0 0.016954638063907623 0.0
92 11 0.04562615603208542 0.0 0.016535263508558273 0.0
92 12 0.04594625160098076 0.0 0.016847962513566017 0.0
92 13 0.04809039086103439 0.0 0.01733686588704586 0.0
92 14 0.045433834195137024 0.0 0.01613146811723709 0.0
92 15 0.05414478853344917 0.0 0.01927218958735466 0.0
93 0 0.04588651657104492 0.0 0.017789579927921295 0.0
93 1 0.043858353048563004 0.0 0.017074543982744217 0.0
93 2 0.042866095900535583 0.0 0.016134729608893394 0.0
93 3 0.04631311818957329 0.0 0.01778554916381836 0.0
93 4 0.04342642426490784 0.0 0.016500642523169518 0.0
93 5 0.04654334485530853 0.0 0.017569778487086296 0.0
93 6 0.04493127390742302 0.0 0.016545845195651054 0.0
93 7 0.044961631298065186 0.0 0.016700351610779762 0.0
93 8 0.04252514988183975 0.0 0.015643520280718803 0.0
93 9 0.043319184333086014 0.0 0.015826711431145668 0.0
93 10 0.044427961111068726 0.0 0.016411103308200836 0.0
93 11 0.0465301051735878 0.0 0.016915883868932724 0.0
93 12 0.05037813261151314 0.0 0.018236160278320312 0.0
93 13 0.04987895488739014 0.0 0.018120845779776573 0.0
93 14 0.042948998510837555 0.0 0.015317060984671116 0.0
93 15 0.047789640724658966 0.0 0.017021294683218002 0.0
94 0 0.04199470207095146 0.0 0.016378838568925858 0.0
94 1 0.04251926764845848 0.0 0.016201237216591835 0.0
94 2 0.0447327084839344 0.0 0.016999807208776474 0.0
94 3 0.044548630714416504 0.0 0.016927136108279228 0.0
94 4 0.04365120828151703 0.0 0.016530534252524376 0.0
94 5 0.0417928583920002 0.0 0.015634577721357346 0.0
94 6 0.047429535537958145 0.0 0.017897097393870354 0.0
94 7 0.04809476435184479 0.0 0.01786576211452484 0.0
94 8 0.048301082104444504 0.0 0.017868705093860626 0.0
94 9 0.04509039595723152 0.0 0.016431525349617004 0.0
94 10 0.047446753829717636 0.0 0.017428284510970116 0.0
94 11 0.046426836401224136 0.0 0.016925625503063202 0.0
94 12 0.04419476166367531 0.0 0.01613742858171463 0.0
94 13 0.043740227818489075 0.0 0.015753058716654778 0.0
94 14 0.04719778150320053 0.0 0.016787253320217133 0.0
94 15 0.0497102364897728 0.0 0.01791624166071415 0.0
95 0 0.04157930240035057 0.0 0.016101472079753876 0.0
95 1 0.04599041864275932 0.0 0.01777513511478901 0.0
95 2 0.04550648108124733 0.0 0.017368655651807785 0.0
95 3 0.04502621293067932 0.0 0.017119025811553 0.0
95 4 0.04300139099359512 0.0 0.016115469858050346 0.0
95 5 0.04494962468743324 0.0 0.016872957348823547 0.0
95 6 0.04582909494638443 0.0 0.017291616648435593 0.0
95 7 0.045757755637168884 0.0 0.016860252246260643 0.0
95 8 0.047168511897325516 0.0 0.017592789605259895 0.0
95 9 0.04230354726314545 0.0 0.015529943630099297 0.0
95 10 0.04393434152007103 0.0 0.016068309545516968 0.0
95 11 0.0446445606648922 0.0 0.016281582415103912 0.0
95 12 0.04744542017579079 0.0 0.017294252291321754 0.0
95 13 0.04906502366065979 0.0 0.01752590574324131 0.0
95 14 0.04747471585869789 0.0 0.017029060050845146 0.0
95 15 0.044544436037540436 0.0 0.01583930477499962 0.0
96 0 0.044339489191770554 0.0 0.017302747815847397 0.0
96 1 0.04501068964600563 0.0 0.017354559153318405 0.0
96 2 0.04315047711133957 0.0 0.016515804454684258 0.0
96 3 0.04404645785689354 0.0 0.017014361917972565 0.0
96 4 0.04577606916427612 0.0 0.017243051901459694 0.0
96 5 0.04354622960090637 0.0 0.016553500667214394 0.0
96 6 0.04862988740205765 0.0 0.01824500970542431 0.0
96 7 0.046926598995923996 0.0 0.01767292059957981 0.0
96 8 0.04364940524101257 0.0 0.015963764861226082 0.0
96 9 0.04573414847254753 0.0 0.016683341935276985 0.0
96 10 0.04680228605866432 0.0 0.016868676990270615 0.0
96 11 0.04696892201900482 0.0 0.017107032239437103 0.0
96 12 0.04115407541394234 0.0 0.014750496484339237 0.0
96 13 0.04524078220129013 0.0 0.01623697765171528 0.0
96 14 0.04690089449286461 0.0 0.016776032745838165 0.0
96 15 0.0463528074324131 0.0 0.01630747877061367 0.0
97 0 0.0432775616645813 0.0 0.01688183657824993 0.0
97 1 0.04292593151330948 0.0 0.016571734100580215 0.0
97 2 0.04151665046811104 0.0 0.015972061082720757 0.0
97 3 0.045598264783620834 0.0 0.01729079708456993 0.0
97 4 0.04498505964875221 0.0 0.01701045036315918 0.0
97 5 0.04394736513495445 0.0 0.01679103635251522 0.0
97 6 0.0451846644282341 0.0 0.01696605049073696 0.0
97 7 0.04443738982081413 0.0 0.016442565247416496 0.0
97 8 0.04396200552582741 0.0 0.016051089391112328 0.0
97 9 0.043699752539396286 0.0 0.016147730872035027 0.0
97 10 0.044426433742046356 0.0 0.01596551388502121 0.0
97 11 0.05025380849838257 0.0 0.01824367046356201 0.0
97 12 0.047782376408576965 0.0 0.01732449419796467 0.0
97 13 0.0463203527033329 0.0 0.016750602051615715 0.0
97 14 0.047760941088199615 0.0 0.016952745616436005 0.0
97 15 0.04889477416872978 0.0 0.01739434339106083 0.0
98 0 0.04523603245615959 0.0 0.01752828247845173 0.0
98 1 0.042346980422735214 0.0 0.01640191301703453 0.0
98 2 0.045292455703020096 0.0 0.017396923154592514 0.0
98 3 0.04330602288246155 0.0 0.016196610406041145 0.0
98 4 0.04457838833332062 0.0 0.016938379034399986 0.0
98 5 0.04495083540678024 0.0 0.017147161066532135 0.0
98 6 0.0455501526594162 0.0 0.017167964950203896 0.0
98 7 0.04453875496983528 0.0 0.01644543744623661 0.0
98 8 0.04271392151713371 0.0 0.01589556224644184 0.0
98 9 0.04452250897884369 0.0 0.01629074476659298 0.0
98 10 0.04470057412981987 0.0 0.016276713460683823 0.0
98 11 0.04361099749803543 0.0 0.015686124563217163 0.0
98 12 0.045189615339040756 0.0 0.016156567260622978 0.0
98 13 0.04791177064180374 0.0 0.017302734777331352 0.0
98 14 0.04909621179103851 0.0 0.01775933988392353 0.0
98 15 0.051899153739213943 0.0 0.018223576247692108 0.0
99 0 0.04503362253308296 0.0 0.017506133764982224 0.0
99 1 0.042461514472961426 0.0 0.016444159671664238 0.0
99 2 0.042265161871910095 0.0 0.016558824107050896 0.0
99 3 0.039951443672180176 0.0 0.015255449339747429 0.0
99 4 0.043699681758880615 0.0 0.01637144759297371 0.0
99 5 0.045859094709157944 0.0 0.01730121672153473 0.0
99 6 0.044452209025621414 0.0 0.016687052324414253 0.0
99 7 0.046589627861976624 0.0 0.017251024022698402 0.0
99 8 0.04644612967967987 0.0 0.017115518450737 0.0
99 9 0.05044125020503998 0.0 0.018607214093208313 0.0
99 10 0.04352537915110588 0.0 0.015791641548275948 0.0
99 11 0.04526933655142784 0.0 0.01660989411175251 0.0
99 12 0.0439106784760952 0.0 0.015671297907829285 0.0
99 13 0.04922942444682121 0.0 0.01739128865301609 0.0
99 14 0.045960113406181335 0.0 0.016341302543878555 0.0
99 15 0.048716653138399124 0.0 0.017329473048448563 0.0
